Log file open, 12/13/19 20:28:09
LogWindows: Failed to load 'aqProf.dll' (GetLastError=126)
LogWindows: File 'aqProf.dll' does not exist
LogWindows: Failed to load 'VSPerf140.dll' (GetLastError=126)
LogWindows: File 'VSPerf140.dll' does not exist
LogWindows: Failed to load 'VtuneApi.dll' (GetLastError=126)
LogWindows: File 'VtuneApi.dll' does not exist
LogWindows: Failed to load 'VtuneApi32e.dll' (GetLastError=126)
LogWindows: File 'VtuneApi32e.dll' does not exist
LogInit: Display: Running engine for game: YGJ_Roksalt
LogPlatformFile: Not using cached read wrapper
LogTaskGraph: Started task graph with 5 named threads and 23 total threads with 3 sets of task threads.
LogStats: Stats thread started at 0.269725
LogD3D11RHI: Loaded GFSDK_Aftermath_Lib.x64.dll
LogICUInternationalization: Display: ICU TimeZone Detection - Raw Offset: +0:00, Platform Override: ''
LogPluginManager: Mounting plugin Paper2D
LogPluginManager: Mounting plugin AISupport
LogPluginManager: Mounting plugin LightPropagationVolume
LogPluginManager: Mounting plugin CLionSourceCodeAccess
LogPluginManager: Mounting plugin CodeLiteSourceCodeAccess
LogPluginManager: Mounting plugin GitSourceControl
LogPluginManager: Mounting plugin KDevelopSourceCodeAccess
LogPluginManager: Mounting plugin NullSourceCodeAccess
LogPluginManager: Mounting plugin PerforceSourceControl
LogPluginManager: Mounting plugin SubversionSourceControl
LogPluginManager: Mounting plugin UObjectPlugin
LogPluginManager: Mounting plugin VisualStudioCodeSourceCodeAccess
LogPluginManager: Mounting plugin VisualStudioSourceCodeAccess
LogPluginManager: Mounting plugin XCodeSourceCodeAccess
LogPluginManager: Mounting plugin AssetManagerEditor
LogPluginManager: Mounting plugin CryptoKeys
LogPluginManager: Mounting plugin DataValidation
LogPluginManager: Mounting plugin FacialAnimation
LogPluginManager: Mounting plugin GameplayTagsEditor
LogPluginManager: Mounting plugin MacGraphicsSwitching
LogPluginManager: Mounting plugin MeshEditor
LogPluginManager: Mounting plugin MobileLauncherProfileWizard
LogPluginManager: Mounting plugin PluginBrowser
LogPluginManager: Mounting plugin SpeedTreeImporter
LogPluginManager: Mounting plugin DatasmithContent
LogPluginManager: Mounting plugin AlembicImporter
LogPluginManager: Mounting plugin AppleImageUtils
LogPluginManager: Mounting plugin AppleVision
LogPluginManager: Mounting plugin BackChannel
LogPluginManager: Mounting plugin CharacterAI
LogPluginManager: Mounting plugin GeometryCache
LogPluginManager: Mounting plugin HTML5Networking
LogPluginManager: Mounting plugin ProxyLODPlugin
LogPluginManager: Mounting plugin MagicLeap
LogPluginManager: Mounting plugin MagicLeapEmulator
LogPluginManager: Mounting plugin MagicLeapMedia
LogPluginManager: Mounting plugin AndroidMedia
LogPluginManager: Mounting plugin AvfMedia
LogPluginManager: Mounting plugin ImgMedia
LogPluginManager: Mounting plugin LinearTimecode
LogPluginManager: Mounting plugin MediaCompositing
LogPluginManager: Mounting plugin MediaPlayerEditor
LogPluginManager: Mounting plugin WmfMedia
LogPluginManager: Mounting plugin TcpMessaging
LogPluginManager: Mounting plugin UdpMessaging
LogPluginManager: Mounting plugin ActorSequence
LogPluginManager: Mounting plugin LevelSequenceEditor
LogPluginManager: Mounting plugin MatineeToLevelSequence
LogPluginManager: Mounting plugin NetcodeUnitTest
LogPluginManager: Mounting plugin NUTUnrealEngine4
LogPluginManager: Mounting plugin OnlineSubsystemGooglePlay
LogPluginManager: Mounting plugin OnlineSubsystemIOS
LogPluginManager: Mounting plugin OnlineSubsystem
LogPluginManager: Mounting plugin OnlineSubsystemNull
LogPluginManager: Mounting plugin OnlineSubsystemUtils
LogPluginManager: Mounting plugin LauncherChunkInstaller
LogPluginManager: Mounting plugin AndroidDeviceProfileSelector
LogPluginManager: Mounting plugin AndroidMoviePlayer
LogPluginManager: Mounting plugin AndroidPermission
LogPluginManager: Mounting plugin AppleMoviePlayer
LogPluginManager: Mounting plugin ArchVisCharacter
LogPluginManager: Mounting plugin AudioCapture
LogPluginManager: Mounting plugin CableComponent
LogPluginManager: Mounting plugin CustomMeshComponent
LogPluginManager: Mounting plugin EditableMesh
LogPluginManager: Mounting plugin ExampleDeviceProfileSelector
LogPluginManager: Mounting plugin GoogleCloudMessaging
LogPluginManager: Mounting plugin ImmediatePhysics
LogPluginManager: Mounting plugin IOSDeviceProfileSelector
LogPluginManager: Mounting plugin LinuxDeviceProfileSelector
LogPluginManager: Mounting plugin LocationServicesBPLibrary
LogPluginManager: Mounting plugin MobilePatchingUtils
LogPluginManager: Mounting plugin OculusVR
LogPluginManager: Plugin shader directory ../../../Engine/Plugins/Runtime/Oculus/OculusVR/Shaders found
LogPluginManager: Mapping shader source directory ../../../Engine/Plugins/Runtime/Oculus/OculusVR/Shaders to virtual directory /Plugin/OculusVR
LogPluginManager: Mounting plugin PhysXVehicles
LogPluginManager: Mounting plugin ProceduralMeshComponent
LogPluginManager: Mounting plugin RuntimePhysXCooking
LogPluginManager: Mounting plugin SteamVR
LogPluginManager: Mounting plugin WindowsMoviePlayer
LogStreaming: Display: Took  0.267s to configure plugins.
LogInit: Using libcurl 7.55.1-DEV
LogInit:  - built for x86_64-pc-win32
LogInit:  - supports SSL with OpenSSL/1.0.2h
LogInit:  - supports HTTP deflate (compression) using libz 1.2.8
LogInit:  - other features:
LogInit:      CURL_VERSION_SSL
LogInit:      CURL_VERSION_LIBZ
LogInit:      CURL_VERSION_IPV6
LogInit:      CURL_VERSION_ASYNCHDNS
LogInit:      CURL_VERSION_LARGEFILE
LogInit:      CURL_VERSION_IDN
LogInit:  CurlRequestOptions (configurable via config and command line):
LogInit:  - bVerifyPeer = false  - Libcurl will NOT verify peer certificate
LogInit:  - bUseHttpProxy = false  - Libcurl will NOT use HTTP proxy
LogInit:  - bDontReuseConnections = false  - Libcurl will reuse connections
LogInit:  - CertBundlePath = nullptr  - Libcurl will use whatever was configured at build time.
LogInit:  - MaxHostConnections = 16  - Libcurl will limit the number of connections to a host
LogInit:  - LocalHostAddr = Default
LogInit:  - BufferSize = 65536
LogInit: WinSock: version 1.1 (2.2), MaxSocks=32767, MaxUdp=65467
LogInit: Build: ++UE4+Release-4.20-CL-4369336
LogInit: Engine Version: 4.20.3-4369336+++UE4+Release-4.20
LogInit: Compatible Engine Version: 4.20.0-4212847+++UE4+Release-4.20
LogInit: Net CL: 4212847
LogInit: OS: Windows 10 (), CPU: Intel(R) Core(TM) i7-6700K CPU @ 4.00GHz, GPU: NVIDIA GeForce GTX 970
LogInit: Compiled (64-bit): Sep 17 2018 12:26:19
LogInit: Compiled with Visual C++: 19.13.26129.00
LogInit: Build Configuration: Development
LogInit: Branch Name: ++UE4+Release-4.20
LogInit: Command Line: 
LogInit: Base Directory: C:/Program Files/Epic Games/UE_4.20/Engine/Binaries/Win64/
LogInit: Installed Engine Build: 1
LogDevObjectVersion: Number of dev versions registered: 20
LogDevObjectVersion:   Dev-Blueprints (B0D832E4-1F89-4F0D-ACCF-7EB736FD4AA2): 10
LogDevObjectVersion:   Dev-Build (E1C64328-A22C-4D53-A36C-8E866417BD8C): 0
LogDevObjectVersion:   Dev-Core (375EC13C-06E4-48FB-B500-84F0262A717E): 2
LogDevObjectVersion:   Dev-Editor (E4B068ED-F494-42E9-A231-DA0B2E46BB41): 24
LogDevObjectVersion:   Dev-Framework (CFFC743F-43B0-4480-9391-14DF171D2073): 34
LogDevObjectVersion:   Dev-Mobile (B02B49B5-BB20-44E9-A304-32B752E40360): 2
LogDevObjectVersion:   Dev-Networking (A4E4105C-59A1-49B5-A7C5-40C4547EDFEE): 0
LogDevObjectVersion:   Dev-Online (39C831C9-5AE6-47DC-9A44-9C173E1C8E7C): 0
LogDevObjectVersion:   Dev-Physics (78F01B33-EBEA-4F98-B9B4-84EACCB95AA2): 0
LogDevObjectVersion:   Dev-Platform (6631380F-2D4D-43E0-8009-CF276956A95A): 0
LogDevObjectVersion:   Dev-Rendering (12F88B9F-8875-4AFC-A67C-D90C383ABD29): 26
LogDevObjectVersion:   Dev-Sequencer (7B5AE74C-D270-4C10-A958-57980B212A5A): 9
LogDevObjectVersion:   Dev-VR (D7296918-1DD6-4BDD-9DE2-64A83CC13884): 2
LogDevObjectVersion:   Dev-LoadTimes (C2A15278-BFE7-4AFE-6C17-90FF531DF755): 1
LogDevObjectVersion:   Private-Geometry (6EACA3D4-40EC-4CC1-B786-8BED09428FC5): 3
LogDevObjectVersion:   Dev-AnimPhys (29E575DD-E0A3-4627-9D10-D276232CDCEA): 17
LogDevObjectVersion:   Dev-ReflectionCapture (6B266CEC-1EC7-4B8F-A30B-E4D90942FC07): 1
LogDevObjectVersion:   Dev-Automation (0DF73D61-A23F-47EA-B727-89E90C41499A): 1
LogDevObjectVersion:   FortniteMain (601D1886-AC64-4F84-AA16-D3DE0DEAC7D6): 12
LogDevObjectVersion:   Dev-Enterprise (9DFFBCD6-494F-0158-E221-12823C92A888): 1
LogStreaming: Display: Took  0.000s to delete old logs.
LogInit: Presizing for max 8388607 objects, including 0 objects not considered by GC, pre-allocating 0 bytes for permanent pool.
LogInit: Object subsystem initialized
[2019.12.13-20.28.09:867][  0]LogInit: Selected Device Profile: [Windows]
[2019.12.13-20.28.09:867][  0]LogInit: Applying CVar settings loaded from the selected device profile: [Windows]
[2019.12.13-20.28.09:909][  0]LogHAL: Display: Platform has ~ 32 GB [34291888128 / 34359738368 / 32], which maps to Largest [LargestMinGB=32, LargerMinGB=12, DefaultMinGB=8, SmallerMinGB=6, SmallestMinGB=0)
[2019.12.13-20.28.09:909][  0]LogInit: Setting Device Profile CVar: [[r.Vulkan.UseRealUBs:1]]
[2019.12.13-20.28.09:909][  0]LogInit: Going up to parent DeviceProfile []
[2019.12.13-20.28.09:909][  0]LogInit: Computer: JOE
[2019.12.13-20.28.09:909][  0]LogInit: User: JoeJones
[2019.12.13-20.28.09:909][  0]LogInit: CPU Page size=4096, Cores=4
[2019.12.13-20.28.09:909][  0]LogInit: High frequency timer resolution =10.000000 MHz
[2019.12.13-20.28.09:910][  0]LogMemory: Memory total: Physical=31.9GB (32GB approx)
[2019.12.13-20.28.09:910][  0]LogMemory: Platform Memory Stats for Windows
[2019.12.13-20.28.09:910][  0]LogMemory: Process Physical Memory: 101.26 MB used, 101.27 MB peak
[2019.12.13-20.28.09:910][  0]LogMemory: Process Virtual Memory: 89.33 MB used, 89.33 MB peak
[2019.12.13-20.28.09:910][  0]LogMemory: Physical Memory: 10961.60 MB used,  21741.70 MB free, 32703.29 MB total
[2019.12.13-20.28.09:910][  0]LogMemory: Virtual Memory: 4612.61 MB used,  21741.70 MB free, 134217728.00 MB total
[2019.12.13-20.28.09:928][  0]LogInit: Using OS detected language (en-GB).
[2019.12.13-20.28.09:928][  0]LogInit: Using OS detected locale (en-GB).
[2019.12.13-20.28.09:929][  0]LogTextLocalizationManager: No specific localization for 'en-GB' exists, so the 'en' localization will be used.
[2019.12.13-20.28.10:206][  0]LogStreaming: Display: Took  0.279s to InitEngineTextLocalization.
[2019.12.13-20.28.10:207][  0]LogInit: Setting process to per monitor DPI aware
[2019.12.13-20.28.10:249][  0]LogSlate: New Slate User Created.  User Index 0, Is Virtual User: 0
[2019.12.13-20.28.10:249][  0]LogSlate: Slate User Registered.  User Index 0, Is Virtual User: 0
[2019.12.13-20.28.10:474][  0]LogHMD: Failed to initialize OpenVR with code 110
[2019.12.13-20.28.10:474][  0]LogD3D11RHI: D3D11 adapters:
[2019.12.13-20.28.10:529][  0]LogD3D11RHI:    0. 'NVIDIA GeForce GTX 970' (Feature Level 11_0)
[2019.12.13-20.28.10:529][  0]LogD3D11RHI:       4043/0/16351 MB DedicatedVideo/DedicatedSystem/SharedSystem, Outputs:2, VendorId:0x10de
[2019.12.13-20.28.10:532][  0]LogD3D11RHI:    1. 'Microsoft Basic Render Driver' (Feature Level 11_0)
[2019.12.13-20.28.10:532][  0]LogD3D11RHI:       0/0/16351 MB DedicatedVideo/DedicatedSystem/SharedSystem, Outputs:0, VendorId:0x1414
[2019.12.13-20.28.10:532][  0]LogD3D11RHI: Chosen D3D11 Adapter: 0
[2019.12.13-20.28.10:537][  0]LogD3D11RHI: Creating new Direct3DDevice
[2019.12.13-20.28.10:537][  0]LogD3D11RHI:     GPU DeviceId: 0x13c2 (for the marketing name, search the web for "GPU Device Id")
[2019.12.13-20.28.10:537][  0]LogWindows: EnumDisplayDevices:
[2019.12.13-20.28.10:538][  0]LogWindows:    0. 'NVIDIA GeForce GTX 970' (P:0 D:1)
[2019.12.13-20.28.10:538][  0]LogWindows:    1. 'NVIDIA GeForce GTX 970' (P:1 D:1)
[2019.12.13-20.28.10:538][  0]LogWindows:    2. 'NVIDIA GeForce GTX 970' (P:0 D:0)
[2019.12.13-20.28.10:539][  0]LogWindows:    3. 'NVIDIA GeForce GTX 970' (P:0 D:0)
[2019.12.13-20.28.10:539][  0]LogWindows: DebugString: FoundDriverCount:4 
[2019.12.13-20.28.10:539][  0]LogD3D11RHI:     Adapter Name: NVIDIA GeForce GTX 970
[2019.12.13-20.28.10:539][  0]LogD3D11RHI:   Driver Version: 432.00 (internal:26.21.14.3200, unified:432.00)
[2019.12.13-20.28.10:539][  0]LogD3D11RHI:      Driver Date: 7-24-2019
[2019.12.13-20.28.10:539][  0]LogRHI: Texture pool is 2830 MB (70% of 4043 MB)
[2019.12.13-20.28.10:570][  0]LogD3D11RHI: Async texture creation enabled
[2019.12.13-20.28.10:580][  0]LogD3D11RHI: GPU Timing Frequency: 1000.000000 (Debug: 2 1)
[2019.12.13-20.28.10:678][  0]LogShaderCompilers: Guid format shader working directory is 12 characters bigger than the processId version (E:/GameJam/YogscastGameJam/YGJ_Roksalt/Intermediate/Shaders/WorkingDirectory/3648/).
[2019.12.13-20.28.10:678][  0]LogShaderCompilers: Cleaned the shader compiler working directory 'C:/Users/Joe Jones/AppData/Local/Temp/UnrealShaderWorkingDir/68B50071433BD81699E6D6965F9B684B/'.
[2019.12.13-20.28.10:919][  0]LogTemp: Display: Loaded TP AllDesktopTargetPlatform
[2019.12.13-20.28.10:929][  0]LogTemp: Display: Loaded TP MacClientTargetPlatform
[2019.12.13-20.28.10:940][  0]LogTemp: Display: Loaded TP MacNoEditorTargetPlatform
[2019.12.13-20.28.10:951][  0]LogTemp: Display: Loaded TP MacServerTargetPlatform
[2019.12.13-20.28.10:963][  0]LogTemp: Display: Loaded TP MacTargetPlatform
[2019.12.13-20.28.10:974][  0]LogTemp: Display: Loaded TP WindowsClientTargetPlatform
[2019.12.13-20.28.10:985][  0]LogTemp: Display: Loaded TP WindowsNoEditorTargetPlatform
[2019.12.13-20.28.10:995][  0]LogTemp: Display: Loaded TP WindowsServerTargetPlatform
[2019.12.13-20.28.11:001][  0]LogTemp: Display: Loaded TP WindowsTargetPlatform
[2019.12.13-20.28.11:061][  0]LogTemp: Display: Loaded TP AndroidTargetPlatform
[2019.12.13-20.28.11:061][  0]LogTemp: Display: Loaded TP AndroidTargetPlatform
[2019.12.13-20.28.11:061][  0]LogTemp: Display: Loaded TP AndroidTargetPlatform
[2019.12.13-20.28.11:061][  0]LogTemp: Display: Loaded TP AndroidTargetPlatform
[2019.12.13-20.28.11:061][  0]LogTemp: Display: Loaded TP AndroidTargetPlatform
[2019.12.13-20.28.11:061][  0]LogTemp: Display: Loaded TP AndroidTargetPlatform
[2019.12.13-20.28.11:061][  0]LogTemp: Display: Loaded TP AndroidTargetPlatform
[2019.12.13-20.28.11:061][  0]LogTemp: Display: Loaded TP AndroidTargetPlatform
[2019.12.13-20.28.11:061][  0]LogTemp: Display: Loaded TP AndroidTargetPlatform
[2019.12.13-20.28.11:061][  0]LogTemp: Display: Loaded TP AndroidTargetPlatform
[2019.12.13-20.28.11:061][  0]LogTemp: Display: Loaded TP AndroidTargetPlatform
[2019.12.13-20.28.11:061][  0]LogTemp: Display: Loaded TP AndroidTargetPlatform
[2019.12.13-20.28.11:061][  0]LogTemp: Display: Loaded TP AndroidTargetPlatform
[2019.12.13-20.28.11:061][  0]LogTemp: Display: Loaded TP AndroidTargetPlatform
[2019.12.13-20.28.11:061][  0]LogTemp: Display: Loaded TP AndroidTargetPlatform
[2019.12.13-20.28.11:061][  0]LogTemp: Display: Loaded TP AndroidTargetPlatform
[2019.12.13-20.28.11:061][  0]LogTemp: Display: Loaded TP AndroidTargetPlatform
[2019.12.13-20.28.11:061][  0]LogTemp: Display: Loaded TP AndroidTargetPlatform
[2019.12.13-20.28.11:063][  0]LogTemp: Display: Loaded TP HTML5TargetPlatform
[2019.12.13-20.28.11:118][  0]LogTemp: Display: Loaded TP IOSTargetPlatform
[2019.12.13-20.28.11:118][  0]LogTemp: Display: Loaded TP IOSTargetPlatform
[2019.12.13-20.28.11:137][  0]LogTemp: Display: Loaded TP TVOSTargetPlatform
[2019.12.13-20.28.11:137][  0]LogTemp: Display: Loaded TP TVOSTargetPlatform
[2019.12.13-20.28.11:147][  0]LogTemp: Display: Loaded TP LinuxClientTargetPlatform
[2019.12.13-20.28.11:156][  0]LogTemp: Display: Loaded TP LinuxNoEditorTargetPlatform
[2019.12.13-20.28.11:166][  0]LogTemp: Display: Loaded TP LinuxServerTargetPlatform
[2019.12.13-20.28.11:177][  0]LogTemp: Display: Loaded TP LinuxTargetPlatform
[2019.12.13-20.28.11:184][  0]LogTemp: Display: Loaded TP LuminTargetPlatform
[2019.12.13-20.28.11:184][  0]LogTargetPlatformManager: Display: Building Assets For Windows
[2019.12.13-20.28.11:240][  0]LogXGEController: Cannot use XGE Controller as Incredibuild is not installed on this machine.
[2019.12.13-20.28.11:240][  0]LogShaderCompilers: Cannot use XGE Shader Compiler as Incredibuild is not installed on this machine.
[2019.12.13-20.28.11:240][  0]LogShaderCompilers: Display: Using Local Shader Compiler.
[2019.12.13-20.28.11:930][  0]LogDerivedDataCache: Display: Max Cache Size: 512 MB
[2019.12.13-20.28.11:971][  0]LogDerivedDataCache: Loaded boot cache 0.04s 71MB C:/Users/Joe Jones/AppData/Local/UnrealEngine/4.20/DerivedDataCache/Boot.ddc.
[2019.12.13-20.28.11:971][  0]LogDerivedDataCache: Display: Loaded Boot cache: C:/Users/Joe Jones/AppData/Local/UnrealEngine/4.20/DerivedDataCache/Boot.ddc
[2019.12.13-20.28.11:971][  0]LogDerivedDataCache: FDerivedDataBackendGraph:  Pak pak cache file E:/GameJam/YogscastGameJam/YGJ_Roksalt/DerivedDataCache/DDC.ddp not found, will not use a pak cache.
[2019.12.13-20.28.11:971][  0]LogDerivedDataCache: Unable to find inner node Pak for hierarchical cache Hierarchy.
[2019.12.13-20.28.11:971][  0]LogDerivedDataCache: FDerivedDataBackendGraph:  CompressedPak pak cache file E:/GameJam/YogscastGameJam/YGJ_Roksalt/DerivedDataCache/Compressed.ddp not found, will not use a pak cache.
[2019.12.13-20.28.11:971][  0]LogDerivedDataCache: Unable to find inner node CompressedPak for hierarchical cache Hierarchy.
[2019.12.13-20.28.11:983][  0]LogDerivedDataCache: Display: Pak cache opened for reading ../../../Engine/DerivedDataCache/Compressed.ddp.
[2019.12.13-20.28.11:995][  0]LogDerivedDataCache: Using Local data cache path C:/Users/Joe Jones/AppData/Local/UnrealEngine/Common/DerivedDataCache: Writable
[2019.12.13-20.28.11:995][  0]LogDerivedDataCache: Shared data cache path not found in *engine.ini, will not use an Shared cache.
[2019.12.13-20.28.11:995][  0]LogDerivedDataCache: Unable to find inner node Shared for hierarchical cache Hierarchy.
[2019.12.13-20.28.12:010][  0]LogMaterial: Verifying Global Shaders for PCD3D_SM5
[2019.12.13-20.28.12:011][  0]LogSlate: Using FreeType 2.6.0
[2019.12.13-20.28.12:012][  0]LogSlate: SlateFontServices - WITH_FREETYPE: 1, WITH_HARFBUZZ: 1
[2019.12.13-20.28.12:085][  0]LogAssetRegistry: FAssetRegistry took 0.0255 seconds to start up
[2019.12.13-20.28.12:355][  0]LogInit: Selected Device Profile: [Windows]
[2019.12.13-20.28.12:463][  0]LogSimplygon: Simplygon DLL not present - disabling.
[2019.12.13-20.28.12:466][  0]LogMeshReduction: Using SimplygonSwarm for distributed automatic mesh merging
[2019.12.13-20.28.12:466][  0]LogMeshReduction: Using ProxyLODMeshReduction for automatic mesh merging
[2019.12.13-20.28.12:466][  0]LogMeshReduction: Using QuadricMeshReduction for automatic static mesh reduction
[2019.12.13-20.28.12:466][  0]LogMeshReduction: No automatic skeletal mesh reduction module available
[2019.12.13-20.28.12:479][  0]LogNetVersion: YGJ_Roksalt 1.0.0, NetCL: 4212847, EngineNetVer: 5, GameNetVer: 0 (Checksum: 1151921059)
[2019.12.13-20.28.12:998][  0]LogPackageLocalizationCache: Processed 11 localized package path(s) for 2 prioritized culture(s) in 0.078352 seconds
[2019.12.13-20.28.13:004][  0]LogUObjectArray: 38425 objects as part of root set at end of initial load.
[2019.12.13-20.28.13:004][  0]LogUObjectAllocator: 6690872 out of 0 bytes used by permanent object pool.
[2019.12.13-20.28.13:004][  0]LogUObjectArray: CloseDisregardForGC: 0/0 objects in disregard for GC pool
[2019.12.13-20.28.13:813][  0]LogTcpMessaging: Initializing TcpMessaging bridge
[2019.12.13-20.28.13:832][  0]LogUdpMessaging: Initializing bridge on interface 0.0.0.0:0 to multicast group 230.0.0.1:6666.
[2019.12.13-20.28.13:958][  0]SourceControl: Source control is disabled
[2019.12.13-20.28.13:958][  0]SourceControl: Source control is disabled
[2019.12.13-20.28.13:959][  0]SourceControl: Source control is disabled
[2019.12.13-20.28.13:960][  0]SourceControl: Source control is disabled
[2019.12.13-20.28.14:114][  0]LogAndroidPermission: UAndroidPermissionCallbackProxy::GetInstance
[2019.12.13-20.28.14:301][  0]LogOcInput: OculusInput pre-init called
[2019.12.13-20.28.14:351][  0]LogEngine: Initializing Engine...
[2019.12.13-20.28.14:352][  0]LogHMD: Failed to initialize OpenVR with code 110
[2019.12.13-20.28.14:353][  0]LogStats: UGameplayTagsManager::ConstructGameplayTagTree: ImportINI prefixes -  0.000 s
[2019.12.13-20.28.14:353][  0]LogStats: UGameplayTagsManager::ConstructGameplayTagTree: Construct from data asset -  0.000 s
[2019.12.13-20.28.14:353][  0]LogStats: UGameplayTagsManager::ConstructGameplayTagTree: ImportINI -  0.000 s
[2019.12.13-20.28.14:353][  0]LogStats: UGameplayTagsManager::ConstructGameplayTagTree: GameplayTagTreeChangedEvent.Broadcast -  0.000 s
[2019.12.13-20.28.14:508][  0]LogInit: Initializing FReadOnlyCVARCache
[2019.12.13-20.28.14:520][  0]LogAIModule: Creating AISystem for world Untitled
[2019.12.13-20.28.14:599][  0]LogInit: XAudio2 using 'Headset Earphone (3- Razer Kraken 7.1 Chroma)' : 2 channels at 48 kHz using 16 bits per sample (channel mask 0x3)
[2019.12.13-20.28.14:648][  0]LogInit: FAudioDevice initialized.
[2019.12.13-20.28.14:648][  0]LogNetVersion: Set ProjectVersion to 1.0.0.0. Version Checksum will be recalculated on next use.
[2019.12.13-20.28.14:685][  0]LogDerivedDataCache: Saved boot cache 0.04s 71MB C:/Users/Joe Jones/AppData/Local/UnrealEngine/4.20/DerivedDataCache/Boot.ddc.
[2019.12.13-20.28.14:691][  0]LogInit: Texture streaming: Enabled
[2019.12.13-20.28.14:708][  0]LogEngineSessionManager: EngineSessionManager initialized
[2019.12.13-20.28.14:719][  0]LogInit: Transaction tracking system initialized
[2019.12.13-20.28.14:741][  0]BlueprintLog: New page: Editor Load
[2019.12.13-20.28.14:841][  0]LocalizationService: Localization service is disabled
[2019.12.13-20.28.14:896][  0]LogLinker: Warning: Can't find file '/Game/ThirdPersonBP/ThirdPersonOverview'
[2019.12.13-20.28.14:896][  0]LogLinker: Warning: Can't find file '/Game/ThirdPersonBP/ThirdPersonOverview'
[2019.12.13-20.28.14:896][  0]LogUObjectGlobals: Warning: Failed to find object 'Class /Game/ThirdPersonBP/ThirdPersonOverview.ThirdPersonOverview_C'
[2019.12.13-20.28.15:064][  0]LogCook: Display: Max memory allowance for cook 16384mb min free memory 0mb
[2019.12.13-20.28.15:064][  0]LogCook: Display: Mobile HDR setting 1
[2019.12.13-20.28.15:064][  0]LogGameplayTags: Display: UGameplayTagsManager::DoneAddingNativeTags. DelegateIsBound: 0
[2019.12.13-20.28.15:064][  0]LogStats: UGameplayTagsManager::ConstructGameplayTagTree: ImportINI prefixes -  0.000 s
[2019.12.13-20.28.15:064][  0]LogStats: UGameplayTagsManager::ConstructGameplayTagTree: Construct from data asset -  0.000 s
[2019.12.13-20.28.15:064][  0]LogStats: UGameplayTagsManager::ConstructGameplayTagTree: ImportINI -  0.000 s
[2019.12.13-20.28.15:064][  0]LogStats: UGameplayTagsManager::ConstructGameplayTagTree: GameplayTagTreeChangedEvent.Broadcast -  0.000 s
[2019.12.13-20.28.15:169][  0]LogFileCache: Scanning file cache for directory 'E:/GameJam/YogscastGameJam/YGJ_Roksalt/Content/' took 0.01s
[2019.12.13-20.28.15:169][  0]SourceControl: Source control is disabled
[2019.12.13-20.28.15:170][  0]LogFactory: FactoryCreateFile: PackFactory with PackFactory (0 0 C:/Program Files/Epic Games/UE_4.20/FeaturePacks/StarterContent.upack)
[2019.12.13-20.28.15:176][  0]LogPackFactory: Finished extracting 8 files (including 0 errors).
[2019.12.13-20.28.15:178][  0]LogPackFactory: Copied "../../../Samples/StarterContent/Content/StarterContent/Architecture/Floor_400x400.uasset" to "E:/GameJam/YogscastGameJam/YGJ_Roksalt/Content/StarterContent/Architecture/Floor_400x400.uasset"
[2019.12.13-20.28.15:178][  0]LogPackFactory: Copied "../../../Samples/StarterContent/Content/StarterContent/Architecture/Pillar_50x500.uasset" to "E:/GameJam/YogscastGameJam/YGJ_Roksalt/Content/StarterContent/Architecture/Pillar_50x500.uasset"
[2019.12.13-20.28.15:179][  0]LogPackFactory: Copied "../../../Samples/StarterContent/Content/StarterContent/Architecture/SM_AssetPlatform.uasset" to "E:/GameJam/YogscastGameJam/YGJ_Roksalt/Content/StarterContent/Architecture/SM_AssetPlatform.uasset"
[2019.12.13-20.28.15:180][  0]LogPackFactory: Copied "../../../Samples/StarterContent/Content/StarterContent/Architecture/Wall_400x200.uasset" to "E:/GameJam/YogscastGameJam/YGJ_Roksalt/Content/StarterContent/Architecture/Wall_400x200.uasset"
[2019.12.13-20.28.15:181][  0]LogPackFactory: Copied "../../../Samples/StarterContent/Content/StarterContent/Architecture/Wall_400x300.uasset" to "E:/GameJam/YogscastGameJam/YGJ_Roksalt/Content/StarterContent/Architecture/Wall_400x300.uasset"
[2019.12.13-20.28.15:182][  0]LogPackFactory: Copied "../../../Samples/StarterContent/Content/StarterContent/Architecture/Wall_400x400.uasset" to "E:/GameJam/YogscastGameJam/YGJ_Roksalt/Content/StarterContent/Architecture/Wall_400x400.uasset"
[2019.12.13-20.28.15:183][  0]LogPackFactory: Copied "../../../Samples/StarterContent/Content/StarterContent/Architecture/Wall_500x500.uasset" to "E:/GameJam/YogscastGameJam/YGJ_Roksalt/Content/StarterContent/Architecture/Wall_500x500.uasset"
[2019.12.13-20.28.15:184][  0]LogPackFactory: Copied "../../../Samples/StarterContent/Content/StarterContent/Architecture/Wall_Door_400x300.uasset" to "E:/GameJam/YogscastGameJam/YGJ_Roksalt/Content/StarterContent/Architecture/Wall_Door_400x300.uasset"
[2019.12.13-20.28.15:185][  0]LogPackFactory: Copied "../../../Samples/StarterContent/Content/StarterContent/Architecture/Wall_Door_400x400.uasset" to "E:/GameJam/YogscastGameJam/YGJ_Roksalt/Content/StarterContent/Architecture/Wall_Door_400x400.uasset"
[2019.12.13-20.28.15:186][  0]LogPackFactory: Copied "../../../Samples/StarterContent/Content/StarterContent/Architecture/Wall_Window_400x300.uasset" to "E:/GameJam/YogscastGameJam/YGJ_Roksalt/Content/StarterContent/Architecture/Wall_Window_400x300.uasset"
[2019.12.13-20.28.15:187][  0]LogPackFactory: Copied "../../../Samples/StarterContent/Content/StarterContent/Architecture/Wall_Window_400x400.uasset" to "E:/GameJam/YogscastGameJam/YGJ_Roksalt/Content/StarterContent/Architecture/Wall_Window_400x400.uasset"
[2019.12.13-20.28.15:188][  0]LogPackFactory: Copied "../../../Samples/StarterContent/Content/StarterContent/Audio/Collapse01.uasset" to "E:/GameJam/YogscastGameJam/YGJ_Roksalt/Content/StarterContent/Audio/Collapse01.uasset"
[2019.12.13-20.28.15:189][  0]LogPackFactory: Copied "../../../Samples/StarterContent/Content/StarterContent/Audio/Collapse02.uasset" to "E:/GameJam/YogscastGameJam/YGJ_Roksalt/Content/StarterContent/Audio/Collapse02.uasset"
[2019.12.13-20.28.15:190][  0]LogPackFactory: Copied "../../../Samples/StarterContent/Content/StarterContent/Audio/Collapse_Cue.uasset" to "E:/GameJam/YogscastGameJam/YGJ_Roksalt/Content/StarterContent/Audio/Collapse_Cue.uasset"
[2019.12.13-20.28.15:191][  0]LogPackFactory: Copied "../../../Samples/StarterContent/Content/StarterContent/Audio/Explosion01.uasset" to "E:/GameJam/YogscastGameJam/YGJ_Roksalt/Content/StarterContent/Audio/Explosion01.uasset"
[2019.12.13-20.28.15:192][  0]LogPackFactory: Copied "../../../Samples/StarterContent/Content/StarterContent/Audio/Explosion02.uasset" to "E:/GameJam/YogscastGameJam/YGJ_Roksalt/Content/StarterContent/Audio/Explosion02.uasset"
[2019.12.13-20.28.15:193][  0]LogPackFactory: Copied "../../../Samples/StarterContent/Content/StarterContent/Audio/Explosion_Cue.uasset" to "E:/GameJam/YogscastGameJam/YGJ_Roksalt/Content/StarterContent/Audio/Explosion_Cue.uasset"
[2019.12.13-20.28.15:194][  0]LogPackFactory: Copied "../../../Samples/StarterContent/Content/StarterContent/Audio/Fire01.uasset" to "E:/GameJam/YogscastGameJam/YGJ_Roksalt/Content/StarterContent/Audio/Fire01.uasset"
[2019.12.13-20.28.15:195][  0]LogPackFactory: Copied "../../../Samples/StarterContent/Content/StarterContent/Audio/Fire01_Cue.uasset" to "E:/GameJam/YogscastGameJam/YGJ_Roksalt/Content/StarterContent/Audio/Fire01_Cue.uasset"
[2019.12.13-20.28.15:197][  0]LogPackFactory: Copied "../../../Samples/StarterContent/Content/StarterContent/Audio/Fire_Sparks01.uasset" to "E:/GameJam/YogscastGameJam/YGJ_Roksalt/Content/StarterContent/Audio/Fire_Sparks01.uasset"
[2019.12.13-20.28.15:198][  0]LogPackFactory: Copied "../../../Samples/StarterContent/Content/StarterContent/Audio/Fire_Sparks01_Cue.uasset" to "E:/GameJam/YogscastGameJam/YGJ_Roksalt/Content/StarterContent/Audio/Fire_Sparks01_Cue.uasset"
[2019.12.13-20.28.15:199][  0]LogPackFactory: Copied "../../../Samples/StarterContent/Content/StarterContent/Audio/Light01.uasset" to "E:/GameJam/YogscastGameJam/YGJ_Roksalt/Content/StarterContent/Audio/Light01.uasset"
[2019.12.13-20.28.15:200][  0]LogPackFactory: Copied "../../../Samples/StarterContent/Content/StarterContent/Audio/Light01_Cue.uasset" to "E:/GameJam/YogscastGameJam/YGJ_Roksalt/Content/StarterContent/Audio/Light01_Cue.uasset"
[2019.12.13-20.28.15:201][  0]LogPackFactory: Copied "../../../Samples/StarterContent/Content/StarterContent/Audio/Light02.uasset" to "E:/GameJam/YogscastGameJam/YGJ_Roksalt/Content/StarterContent/Audio/Light02.uasset"
[2019.12.13-20.28.15:202][  0]LogPackFactory: Copied "../../../Samples/StarterContent/Content/StarterContent/Audio/Light02_Cue.uasset" to "E:/GameJam/YogscastGameJam/YGJ_Roksalt/Content/StarterContent/Audio/Light02_Cue.uasset"
[2019.12.13-20.28.15:203][  0]LogPackFactory: Copied "../../../Samples/StarterContent/Content/StarterContent/Audio/Smoke01.uasset" to "E:/GameJam/YogscastGameJam/YGJ_Roksalt/Content/StarterContent/Audio/Smoke01.uasset"
[2019.12.13-20.28.15:204][  0]LogPackFactory: Copied "../../../Samples/StarterContent/Content/StarterContent/Audio/Smoke01_Cue.uasset" to "E:/GameJam/YogscastGameJam/YGJ_Roksalt/Content/StarterContent/Audio/Smoke01_Cue.uasset"
[2019.12.13-20.28.15:205][  0]LogPackFactory: Copied "../../../Samples/StarterContent/Content/StarterContent/Audio/Starter_Background_Cue.uasset" to "E:/GameJam/YogscastGameJam/YGJ_Roksalt/Content/StarterContent/Audio/Starter_Background_Cue.uasset"
[2019.12.13-20.28.15:207][  0]LogPackFactory: Copied "../../../Samples/StarterContent/Content/StarterContent/Audio/Starter_Birds01.uasset" to "E:/GameJam/YogscastGameJam/YGJ_Roksalt/Content/StarterContent/Audio/Starter_Birds01.uasset"
[2019.12.13-20.28.15:212][  0]LogPackFactory: Copied "../../../Samples/StarterContent/Content/StarterContent/Audio/Starter_Music01.uasset" to "E:/GameJam/YogscastGameJam/YGJ_Roksalt/Content/StarterContent/Audio/Starter_Music01.uasset"
[2019.12.13-20.28.15:213][  0]LogPackFactory: Copied "../../../Samples/StarterContent/Content/StarterContent/Audio/Starter_Music_Cue.uasset" to "E:/GameJam/YogscastGameJam/YGJ_Roksalt/Content/StarterContent/Audio/Starter_Music_Cue.uasset"
[2019.12.13-20.28.15:216][  0]LogPackFactory: Copied "../../../Samples/StarterContent/Content/StarterContent/Audio/Starter_Wind05.uasset" to "E:/GameJam/YogscastGameJam/YGJ_Roksalt/Content/StarterContent/Audio/Starter_Wind05.uasset"
[2019.12.13-20.28.15:217][  0]LogPackFactory: Copied "../../../Samples/StarterContent/Content/StarterContent/Audio/Starter_Wind06.uasset" to "E:/GameJam/YogscastGameJam/YGJ_Roksalt/Content/StarterContent/Audio/Starter_Wind06.uasset"
[2019.12.13-20.28.15:219][  0]LogPackFactory: Copied "../../../Samples/StarterContent/Content/StarterContent/Audio/Steam01.uasset" to "E:/GameJam/YogscastGameJam/YGJ_Roksalt/Content/StarterContent/Audio/Steam01.uasset"
[2019.12.13-20.28.15:219][  0]LogPackFactory: Copied "../../../Samples/StarterContent/Content/StarterContent/Audio/Steam01_Cue.uasset" to "E:/GameJam/YogscastGameJam/YGJ_Roksalt/Content/StarterContent/Audio/Steam01_Cue.uasset"
[2019.12.13-20.28.15:220][  0]LogPackFactory: Copied "../../../Samples/StarterContent/Content/StarterContent/Blueprints/Blueprint_CeilingLight.uasset" to "E:/GameJam/YogscastGameJam/YGJ_Roksalt/Content/StarterContent/Blueprints/Blueprint_CeilingLight.uasset"
[2019.12.13-20.28.15:221][  0]LogPackFactory: Copied "../../../Samples/StarterContent/Content/StarterContent/Blueprints/Blueprint_Effect_Explosion.uasset" to "E:/GameJam/YogscastGameJam/YGJ_Roksalt/Content/StarterContent/Blueprints/Blueprint_Effect_Explosion.uasset"
[2019.12.13-20.28.15:222][  0]LogPackFactory: Copied "../../../Samples/StarterContent/Content/StarterContent/Blueprints/Blueprint_Effect_Fire.uasset" to "E:/GameJam/YogscastGameJam/YGJ_Roksalt/Content/StarterContent/Blueprints/Blueprint_Effect_Fire.uasset"
[2019.12.13-20.28.15:223][  0]LogPackFactory: Copied "../../../Samples/StarterContent/Content/StarterContent/Blueprints/Blueprint_Effect_Smoke.uasset" to "E:/GameJam/YogscastGameJam/YGJ_Roksalt/Content/StarterContent/Blueprints/Blueprint_Effect_Smoke.uasset"
[2019.12.13-20.28.15:224][  0]LogPackFactory: Copied "../../../Samples/StarterContent/Content/StarterContent/Blueprints/Blueprint_Effect_Sparks.uasset" to "E:/GameJam/YogscastGameJam/YGJ_Roksalt/Content/StarterContent/Blueprints/Blueprint_Effect_Sparks.uasset"
[2019.12.13-20.28.15:225][  0]LogPackFactory: Copied "../../../Samples/StarterContent/Content/StarterContent/Blueprints/Blueprint_Effect_Steam.uasset" to "E:/GameJam/YogscastGameJam/YGJ_Roksalt/Content/StarterContent/Blueprints/Blueprint_Effect_Steam.uasset"
[2019.12.13-20.28.15:226][  0]LogPackFactory: Copied "../../../Samples/StarterContent/Content/StarterContent/Blueprints/Blueprint_WallSconce.uasset" to "E:/GameJam/YogscastGameJam/YGJ_Roksalt/Content/StarterContent/Blueprints/Blueprint_WallSconce.uasset"
[2019.12.13-20.28.15:228][  0]LogPackFactory: Copied "../../../Samples/StarterContent/Content/StarterContent/Blueprints/BP_LightStudio.uasset" to "E:/GameJam/YogscastGameJam/YGJ_Roksalt/Content/StarterContent/Blueprints/BP_LightStudio.uasset"
[2019.12.13-20.28.15:229][  0]LogPackFactory: Copied "../../../Samples/StarterContent/Content/StarterContent/Blueprints/Assets/FogBrightnessLUT.uasset" to "E:/GameJam/YogscastGameJam/YGJ_Roksalt/Content/StarterContent/Blueprints/Assets/FogBrightnessLUT.uasset"
[2019.12.13-20.28.15:230][  0]LogPackFactory: Copied "../../../Samples/StarterContent/Content/StarterContent/Blueprints/Assets/M_LightStage_Arrows.uasset" to "E:/GameJam/YogscastGameJam/YGJ_Roksalt/Content/StarterContent/Blueprints/Assets/M_LightStage_Arrows.uasset"
[2019.12.13-20.28.15:231][  0]LogPackFactory: Copied "../../../Samples/StarterContent/Content/StarterContent/Blueprints/Assets/M_LightStage_Skybox_Black.uasset" to "E:/GameJam/YogscastGameJam/YGJ_Roksalt/Content/StarterContent/Blueprints/Assets/M_LightStage_Skybox_Black.uasset"
[2019.12.13-20.28.15:232][  0]LogPackFactory: Copied "../../../Samples/StarterContent/Content/StarterContent/Blueprints/Assets/M_LightStage_Skybox_HDRI.uasset" to "E:/GameJam/YogscastGameJam/YGJ_Roksalt/Content/StarterContent/Blueprints/Assets/M_LightStage_Skybox_HDRI.uasset"
[2019.12.13-20.28.15:233][  0]LogPackFactory: Copied "../../../Samples/StarterContent/Content/StarterContent/Blueprints/Assets/M_LightStage_Skybox_Master.uasset" to "E:/GameJam/YogscastGameJam/YGJ_Roksalt/Content/StarterContent/Blueprints/Assets/M_LightStage_Skybox_Master.uasset"
[2019.12.13-20.28.15:234][  0]LogPackFactory: Copied "../../../Samples/StarterContent/Content/StarterContent/Blueprints/Assets/Skybox.uasset" to "E:/GameJam/YogscastGameJam/YGJ_Roksalt/Content/StarterContent/Blueprints/Assets/Skybox.uasset"
[2019.12.13-20.28.15:236][  0]LogPackFactory: Copied "../../../Samples/StarterContent/Content/StarterContent/Blueprints/Assets/SM_Arrows.uasset" to "E:/GameJam/YogscastGameJam/YGJ_Roksalt/Content/StarterContent/Blueprints/Assets/SM_Arrows.uasset"
[2019.12.13-20.28.15:237][  0]LogPackFactory: Copied "../../../Samples/StarterContent/Content/StarterContent/Blueprints/Assets/SunlightColorLUT.uasset" to "E:/GameJam/YogscastGameJam/YGJ_Roksalt/Content/StarterContent/Blueprints/Assets/SunlightColorLUT.uasset"
[2019.12.13-20.28.15:268][  0]LogPackFactory: Copied "../../../Samples/StarterContent/Content/StarterContent/HDRI/HDRI_Epic_Courtyard_Daylight.uasset" to "E:/GameJam/YogscastGameJam/YGJ_Roksalt/Content/StarterContent/HDRI/HDRI_Epic_Courtyard_Daylight.uasset"
[2019.12.13-20.28.15:269][  0]LogPackFactory: Copied "../../../Samples/StarterContent/Content/StarterContent/Maps/Advanced_Lighting.umap" to "E:/GameJam/YogscastGameJam/YGJ_Roksalt/Content/StarterContent/Maps/Advanced_Lighting.umap"
[2019.12.13-20.28.15:271][  0]LogPackFactory: Copied "../../../Samples/StarterContent/Content/StarterContent/Maps/Advanced_Lighting_BuiltData.uasset" to "E:/GameJam/YogscastGameJam/YGJ_Roksalt/Content/StarterContent/Maps/Advanced_Lighting_BuiltData.uasset"
[2019.12.13-20.28.15:272][  0]LogPackFactory: Copied "../../../Samples/StarterContent/Content/StarterContent/Maps/Minimal_Default.umap" to "E:/GameJam/YogscastGameJam/YGJ_Roksalt/Content/StarterContent/Maps/Minimal_Default.umap"
[2019.12.13-20.28.15:275][  0]LogPackFactory: Copied "../../../Samples/StarterContent/Content/StarterContent/Maps/Minimal_Default_BuiltData.uasset" to "E:/GameJam/YogscastGameJam/YGJ_Roksalt/Content/StarterContent/Maps/Minimal_Default_BuiltData.uasset"
[2019.12.13-20.28.15:276][  0]LogPackFactory: Copied "../../../Samples/StarterContent/Content/StarterContent/Maps/StarterMap.umap" to "E:/GameJam/YogscastGameJam/YGJ_Roksalt/Content/StarterContent/Maps/StarterMap.umap"
[2019.12.13-20.28.15:286][  0]LogPackFactory: Copied "../../../Samples/StarterContent/Content/StarterContent/Maps/StarterMap_BuiltData.uasset" to "E:/GameJam/YogscastGameJam/YGJ_Roksalt/Content/StarterContent/Maps/StarterMap_BuiltData.uasset"
[2019.12.13-20.28.15:288][  0]LogPackFactory: Copied "../../../Samples/StarterContent/Content/StarterContent/Materials/M_AssetPlatform.uasset" to "E:/GameJam/YogscastGameJam/YGJ_Roksalt/Content/StarterContent/Materials/M_AssetPlatform.uasset"
[2019.12.13-20.28.15:288][  0]LogPackFactory: Copied "../../../Samples/StarterContent/Content/StarterContent/Materials/M_Basic_Floor.uasset" to "E:/GameJam/YogscastGameJam/YGJ_Roksalt/Content/StarterContent/Materials/M_Basic_Floor.uasset"
[2019.12.13-20.28.15:289][  0]LogPackFactory: Copied "../../../Samples/StarterContent/Content/StarterContent/Materials/M_Basic_Wall.uasset" to "E:/GameJam/YogscastGameJam/YGJ_Roksalt/Content/StarterContent/Materials/M_Basic_Wall.uasset"
[2019.12.13-20.28.15:290][  0]LogPackFactory: Copied "../../../Samples/StarterContent/Content/StarterContent/Materials/M_Brick_Clay_Beveled.uasset" to "E:/GameJam/YogscastGameJam/YGJ_Roksalt/Content/StarterContent/Materials/M_Brick_Clay_Beveled.uasset"
[2019.12.13-20.28.15:291][  0]LogPackFactory: Copied "../../../Samples/StarterContent/Content/StarterContent/Materials/M_Brick_Clay_New.uasset" to "E:/GameJam/YogscastGameJam/YGJ_Roksalt/Content/StarterContent/Materials/M_Brick_Clay_New.uasset"
[2019.12.13-20.28.15:293][  0]LogPackFactory: Copied "../../../Samples/StarterContent/Content/StarterContent/Materials/M_Brick_Clay_Old.uasset" to "E:/GameJam/YogscastGameJam/YGJ_Roksalt/Content/StarterContent/Materials/M_Brick_Clay_Old.uasset"
[2019.12.13-20.28.15:294][  0]LogPackFactory: Copied "../../../Samples/StarterContent/Content/StarterContent/Materials/M_Brick_Cut_Stone.uasset" to "E:/GameJam/YogscastGameJam/YGJ_Roksalt/Content/StarterContent/Materials/M_Brick_Cut_Stone.uasset"
[2019.12.13-20.28.15:295][  0]LogPackFactory: Copied "../../../Samples/StarterContent/Content/StarterContent/Materials/M_Brick_Hewn_Stone.uasset" to "E:/GameJam/YogscastGameJam/YGJ_Roksalt/Content/StarterContent/Materials/M_Brick_Hewn_Stone.uasset"
[2019.12.13-20.28.15:296][  0]LogPackFactory: Copied "../../../Samples/StarterContent/Content/StarterContent/Materials/M_Ceramic_Tile_Checker.uasset" to "E:/GameJam/YogscastGameJam/YGJ_Roksalt/Content/StarterContent/Materials/M_Ceramic_Tile_Checker.uasset"
[2019.12.13-20.28.15:297][  0]LogPackFactory: Copied "../../../Samples/StarterContent/Content/StarterContent/Materials/M_CobbleStone_Pebble.uasset" to "E:/GameJam/YogscastGameJam/YGJ_Roksalt/Content/StarterContent/Materials/M_CobbleStone_Pebble.uasset"
[2019.12.13-20.28.15:298][  0]LogPackFactory: Copied "../../../Samples/StarterContent/Content/StarterContent/Materials/M_CobbleStone_Rough.uasset" to "E:/GameJam/YogscastGameJam/YGJ_Roksalt/Content/StarterContent/Materials/M_CobbleStone_Rough.uasset"
[2019.12.13-20.28.15:299][  0]LogPackFactory: Copied "../../../Samples/StarterContent/Content/StarterContent/Materials/M_CobbleStone_Smooth.uasset" to "E:/GameJam/YogscastGameJam/YGJ_Roksalt/Content/StarterContent/Materials/M_CobbleStone_Smooth.uasset"
[2019.12.13-20.28.15:301][  0]LogPackFactory: Copied "../../../Samples/StarterContent/Content/StarterContent/Materials/M_ColorGrid_LowSpec.uasset" to "E:/GameJam/YogscastGameJam/YGJ_Roksalt/Content/StarterContent/Materials/M_ColorGrid_LowSpec.uasset"
[2019.12.13-20.28.15:301][  0]LogPackFactory: Copied "../../../Samples/StarterContent/Content/StarterContent/Materials/M_Concrete_Grime.uasset" to "E:/GameJam/YogscastGameJam/YGJ_Roksalt/Content/StarterContent/Materials/M_Concrete_Grime.uasset"
[2019.12.13-20.28.15:302][  0]LogPackFactory: Copied "../../../Samples/StarterContent/Content/StarterContent/Materials/M_Concrete_Panels.uasset" to "E:/GameJam/YogscastGameJam/YGJ_Roksalt/Content/StarterContent/Materials/M_Concrete_Panels.uasset"
[2019.12.13-20.28.15:304][  0]LogPackFactory: Copied "../../../Samples/StarterContent/Content/StarterContent/Materials/M_Concrete_Poured.uasset" to "E:/GameJam/YogscastGameJam/YGJ_Roksalt/Content/StarterContent/Materials/M_Concrete_Poured.uasset"
[2019.12.13-20.28.15:305][  0]LogPackFactory: Copied "../../../Samples/StarterContent/Content/StarterContent/Materials/M_Concrete_Tiles.uasset" to "E:/GameJam/YogscastGameJam/YGJ_Roksalt/Content/StarterContent/Materials/M_Concrete_Tiles.uasset"
[2019.12.13-20.28.15:306][  0]LogPackFactory: Copied "../../../Samples/StarterContent/Content/StarterContent/Materials/M_Glass.uasset" to "E:/GameJam/YogscastGameJam/YGJ_Roksalt/Content/StarterContent/Materials/M_Glass.uasset"
[2019.12.13-20.28.15:307][  0]LogPackFactory: Copied "../../../Samples/StarterContent/Content/StarterContent/Materials/M_Ground_Grass.uasset" to "E:/GameJam/YogscastGameJam/YGJ_Roksalt/Content/StarterContent/Materials/M_Ground_Grass.uasset"
[2019.12.13-20.28.15:308][  0]LogPackFactory: Copied "../../../Samples/StarterContent/Content/StarterContent/Materials/M_Ground_Gravel.uasset" to "E:/GameJam/YogscastGameJam/YGJ_Roksalt/Content/StarterContent/Materials/M_Ground_Gravel.uasset"
[2019.12.13-20.28.15:309][  0]LogPackFactory: Copied "../../../Samples/StarterContent/Content/StarterContent/Materials/M_Ground_Moss.uasset" to "E:/GameJam/YogscastGameJam/YGJ_Roksalt/Content/StarterContent/Materials/M_Ground_Moss.uasset"
[2019.12.13-20.28.15:310][  0]LogPackFactory: Copied "../../../Samples/StarterContent/Content/StarterContent/Materials/M_Metal_Brushed_Nickel.uasset" to "E:/GameJam/YogscastGameJam/YGJ_Roksalt/Content/StarterContent/Materials/M_Metal_Brushed_Nickel.uasset"
[2019.12.13-20.28.15:310][  0]LogPackFactory: Copied "../../../Samples/StarterContent/Content/StarterContent/Materials/M_Metal_Burnished_Steel.uasset" to "E:/GameJam/YogscastGameJam/YGJ_Roksalt/Content/StarterContent/Materials/M_Metal_Burnished_Steel.uasset"
[2019.12.13-20.28.15:311][  0]LogPackFactory: Copied "../../../Samples/StarterContent/Content/StarterContent/Materials/M_Metal_Chrome.uasset" to "E:/GameJam/YogscastGameJam/YGJ_Roksalt/Content/StarterContent/Materials/M_Metal_Chrome.uasset"
[2019.12.13-20.28.15:312][  0]LogPackFactory: Copied "../../../Samples/StarterContent/Content/StarterContent/Materials/M_Metal_Copper.uasset" to "E:/GameJam/YogscastGameJam/YGJ_Roksalt/Content/StarterContent/Materials/M_Metal_Copper.uasset"
[2019.12.13-20.28.15:313][  0]LogPackFactory: Copied "../../../Samples/StarterContent/Content/StarterContent/Materials/M_Metal_Gold.uasset" to "E:/GameJam/YogscastGameJam/YGJ_Roksalt/Content/StarterContent/Materials/M_Metal_Gold.uasset"
[2019.12.13-20.28.15:314][  0]LogPackFactory: Copied "../../../Samples/StarterContent/Content/StarterContent/Materials/M_Metal_Rust.uasset" to "E:/GameJam/YogscastGameJam/YGJ_Roksalt/Content/StarterContent/Materials/M_Metal_Rust.uasset"
[2019.12.13-20.28.15:315][  0]LogPackFactory: Copied "../../../Samples/StarterContent/Content/StarterContent/Materials/M_Metal_Steel.uasset" to "E:/GameJam/YogscastGameJam/YGJ_Roksalt/Content/StarterContent/Materials/M_Metal_Steel.uasset"
[2019.12.13-20.28.15:316][  0]LogPackFactory: Copied "../../../Samples/StarterContent/Content/StarterContent/Materials/M_Rock_Basalt.uasset" to "E:/GameJam/YogscastGameJam/YGJ_Roksalt/Content/StarterContent/Materials/M_Rock_Basalt.uasset"
[2019.12.13-20.28.15:317][  0]LogPackFactory: Copied "../../../Samples/StarterContent/Content/StarterContent/Materials/M_Rock_Marble_Polished.uasset" to "E:/GameJam/YogscastGameJam/YGJ_Roksalt/Content/StarterContent/Materials/M_Rock_Marble_Polished.uasset"
[2019.12.13-20.28.15:318][  0]LogPackFactory: Copied "../../../Samples/StarterContent/Content/StarterContent/Materials/M_Rock_Sandstone.uasset" to "E:/GameJam/YogscastGameJam/YGJ_Roksalt/Content/StarterContent/Materials/M_Rock_Sandstone.uasset"
[2019.12.13-20.28.15:319][  0]LogPackFactory: Copied "../../../Samples/StarterContent/Content/StarterContent/Materials/M_Rock_Slate.uasset" to "E:/GameJam/YogscastGameJam/YGJ_Roksalt/Content/StarterContent/Materials/M_Rock_Slate.uasset"
[2019.12.13-20.28.15:320][  0]LogPackFactory: Copied "../../../Samples/StarterContent/Content/StarterContent/Materials/M_Tech_Checker_Dot.uasset" to "E:/GameJam/YogscastGameJam/YGJ_Roksalt/Content/StarterContent/Materials/M_Tech_Checker_Dot.uasset"
[2019.12.13-20.28.15:321][  0]LogPackFactory: Copied "../../../Samples/StarterContent/Content/StarterContent/Materials/M_Tech_Hex_Tile.uasset" to "E:/GameJam/YogscastGameJam/YGJ_Roksalt/Content/StarterContent/Materials/M_Tech_Hex_Tile.uasset"
[2019.12.13-20.28.15:322][  0]LogPackFactory: Copied "../../../Samples/StarterContent/Content/StarterContent/Materials/M_Tech_Hex_Tile_Pulse.uasset" to "E:/GameJam/YogscastGameJam/YGJ_Roksalt/Content/StarterContent/Materials/M_Tech_Hex_Tile_Pulse.uasset"
[2019.12.13-20.28.15:323][  0]LogPackFactory: Copied "../../../Samples/StarterContent/Content/StarterContent/Materials/M_Tech_Panel.uasset" to "E:/GameJam/YogscastGameJam/YGJ_Roksalt/Content/StarterContent/Materials/M_Tech_Panel.uasset"
[2019.12.13-20.28.15:324][  0]LogPackFactory: Copied "../../../Samples/StarterContent/Content/StarterContent/Materials/M_Water_Lake.uasset" to "E:/GameJam/YogscastGameJam/YGJ_Roksalt/Content/StarterContent/Materials/M_Water_Lake.uasset"
[2019.12.13-20.28.15:325][  0]LogPackFactory: Copied "../../../Samples/StarterContent/Content/StarterContent/Materials/M_Water_Ocean.uasset" to "E:/GameJam/YogscastGameJam/YGJ_Roksalt/Content/StarterContent/Materials/M_Water_Ocean.uasset"
[2019.12.13-20.28.15:326][  0]LogPackFactory: Copied "../../../Samples/StarterContent/Content/StarterContent/Materials/M_Wood_Floor_Walnut_Polished.uasset" to "E:/GameJam/YogscastGameJam/YGJ_Roksalt/Content/StarterContent/Materials/M_Wood_Floor_Walnut_Polished.uasset"
[2019.12.13-20.28.15:327][  0]LogPackFactory: Copied "../../../Samples/StarterContent/Content/StarterContent/Materials/M_Wood_Floor_Walnut_Worn.uasset" to "E:/GameJam/YogscastGameJam/YGJ_Roksalt/Content/StarterContent/Materials/M_Wood_Floor_Walnut_Worn.uasset"
[2019.12.13-20.28.15:328][  0]LogPackFactory: Copied "../../../Samples/StarterContent/Content/StarterContent/Materials/M_Wood_Oak.uasset" to "E:/GameJam/YogscastGameJam/YGJ_Roksalt/Content/StarterContent/Materials/M_Wood_Oak.uasset"
[2019.12.13-20.28.15:329][  0]LogPackFactory: Copied "../../../Samples/StarterContent/Content/StarterContent/Materials/M_Wood_Pine.uasset" to "E:/GameJam/YogscastGameJam/YGJ_Roksalt/Content/StarterContent/Materials/M_Wood_Pine.uasset"
[2019.12.13-20.28.15:329][  0]LogPackFactory: Copied "../../../Samples/StarterContent/Content/StarterContent/Materials/M_Wood_Walnut.uasset" to "E:/GameJam/YogscastGameJam/YGJ_Roksalt/Content/StarterContent/Materials/M_Wood_Walnut.uasset"
[2019.12.13-20.28.15:331][  0]LogPackFactory: Copied "../../../Samples/StarterContent/Content/StarterContent/Particles/P_Ambient_Dust.uasset" to "E:/GameJam/YogscastGameJam/YGJ_Roksalt/Content/StarterContent/Particles/P_Ambient_Dust.uasset"
[2019.12.13-20.28.15:332][  0]LogPackFactory: Copied "../../../Samples/StarterContent/Content/StarterContent/Particles/P_Explosion.uasset" to "E:/GameJam/YogscastGameJam/YGJ_Roksalt/Content/StarterContent/Particles/P_Explosion.uasset"
[2019.12.13-20.28.15:333][  0]LogPackFactory: Copied "../../../Samples/StarterContent/Content/StarterContent/Particles/P_Fire.uasset" to "E:/GameJam/YogscastGameJam/YGJ_Roksalt/Content/StarterContent/Particles/P_Fire.uasset"
[2019.12.13-20.28.15:334][  0]LogPackFactory: Copied "../../../Samples/StarterContent/Content/StarterContent/Particles/P_Smoke.uasset" to "E:/GameJam/YogscastGameJam/YGJ_Roksalt/Content/StarterContent/Particles/P_Smoke.uasset"
[2019.12.13-20.28.15:335][  0]LogPackFactory: Copied "../../../Samples/StarterContent/Content/StarterContent/Particles/P_Sparks.uasset" to "E:/GameJam/YogscastGameJam/YGJ_Roksalt/Content/StarterContent/Particles/P_Sparks.uasset"
[2019.12.13-20.28.15:336][  0]LogPackFactory: Copied "../../../Samples/StarterContent/Content/StarterContent/Particles/P_Steam_Lit.uasset" to "E:/GameJam/YogscastGameJam/YGJ_Roksalt/Content/StarterContent/Particles/P_Steam_Lit.uasset"
[2019.12.13-20.28.15:337][  0]LogPackFactory: Copied "../../../Samples/StarterContent/Content/StarterContent/Particles/Materials/M_Burst.uasset" to "E:/GameJam/YogscastGameJam/YGJ_Roksalt/Content/StarterContent/Particles/Materials/M_Burst.uasset"
[2019.12.13-20.28.15:338][  0]LogPackFactory: Copied "../../../Samples/StarterContent/Content/StarterContent/Particles/Materials/M_Dust_Particle.uasset" to "E:/GameJam/YogscastGameJam/YGJ_Roksalt/Content/StarterContent/Particles/Materials/M_Dust_Particle.uasset"
[2019.12.13-20.28.15:339][  0]LogPackFactory: Copied "../../../Samples/StarterContent/Content/StarterContent/Particles/Materials/M_explosion_subUV.uasset" to "E:/GameJam/YogscastGameJam/YGJ_Roksalt/Content/StarterContent/Particles/Materials/M_explosion_subUV.uasset"
[2019.12.13-20.28.15:340][  0]LogPackFactory: Copied "../../../Samples/StarterContent/Content/StarterContent/Particles/Materials/M_Fire_SubUV.uasset" to "E:/GameJam/YogscastGameJam/YGJ_Roksalt/Content/StarterContent/Particles/Materials/M_Fire_SubUV.uasset"
[2019.12.13-20.28.15:341][  0]LogPackFactory: Copied "../../../Samples/StarterContent/Content/StarterContent/Particles/Materials/m_flare_01.uasset" to "E:/GameJam/YogscastGameJam/YGJ_Roksalt/Content/StarterContent/Particles/Materials/m_flare_01.uasset"
[2019.12.13-20.28.15:342][  0]LogPackFactory: Copied "../../../Samples/StarterContent/Content/StarterContent/Particles/Materials/M_Heat_Distortion.uasset" to "E:/GameJam/YogscastGameJam/YGJ_Roksalt/Content/StarterContent/Particles/Materials/M_Heat_Distortion.uasset"
[2019.12.13-20.28.15:343][  0]LogPackFactory: Copied "../../../Samples/StarterContent/Content/StarterContent/Particles/Materials/M_Radial_Gradient.uasset" to "E:/GameJam/YogscastGameJam/YGJ_Roksalt/Content/StarterContent/Particles/Materials/M_Radial_Gradient.uasset"
[2019.12.13-20.28.15:344][  0]LogPackFactory: Copied "../../../Samples/StarterContent/Content/StarterContent/Particles/Materials/M_radial_ramp.uasset" to "E:/GameJam/YogscastGameJam/YGJ_Roksalt/Content/StarterContent/Particles/Materials/M_radial_ramp.uasset"
[2019.12.13-20.28.15:345][  0]LogPackFactory: Copied "../../../Samples/StarterContent/Content/StarterContent/Particles/Materials/M_smoke_subUV.uasset" to "E:/GameJam/YogscastGameJam/YGJ_Roksalt/Content/StarterContent/Particles/Materials/M_smoke_subUV.uasset"
[2019.12.13-20.28.15:346][  0]LogPackFactory: Copied "../../../Samples/StarterContent/Content/StarterContent/Particles/Materials/M_Spark.uasset" to "E:/GameJam/YogscastGameJam/YGJ_Roksalt/Content/StarterContent/Particles/Materials/M_Spark.uasset"
[2019.12.13-20.28.15:347][  0]LogPackFactory: Copied "../../../Samples/StarterContent/Content/StarterContent/Props/MaterialSphere.uasset" to "E:/GameJam/YogscastGameJam/YGJ_Roksalt/Content/StarterContent/Props/MaterialSphere.uasset"
[2019.12.13-20.28.15:348][  0]LogPackFactory: Copied "../../../Samples/StarterContent/Content/StarterContent/Props/SM_Bush.uasset" to "E:/GameJam/YogscastGameJam/YGJ_Roksalt/Content/StarterContent/Props/SM_Bush.uasset"
[2019.12.13-20.28.15:349][  0]LogPackFactory: Copied "../../../Samples/StarterContent/Content/StarterContent/Props/SM_Chair.uasset" to "E:/GameJam/YogscastGameJam/YGJ_Roksalt/Content/StarterContent/Props/SM_Chair.uasset"
[2019.12.13-20.28.15:350][  0]LogPackFactory: Copied "../../../Samples/StarterContent/Content/StarterContent/Props/SM_CornerFrame.uasset" to "E:/GameJam/YogscastGameJam/YGJ_Roksalt/Content/StarterContent/Props/SM_CornerFrame.uasset"
[2019.12.13-20.28.15:351][  0]LogPackFactory: Copied "../../../Samples/StarterContent/Content/StarterContent/Props/SM_Couch.uasset" to "E:/GameJam/YogscastGameJam/YGJ_Roksalt/Content/StarterContent/Props/SM_Couch.uasset"
[2019.12.13-20.28.15:352][  0]LogPackFactory: Copied "../../../Samples/StarterContent/Content/StarterContent/Props/SM_Door.uasset" to "E:/GameJam/YogscastGameJam/YGJ_Roksalt/Content/StarterContent/Props/SM_Door.uasset"
[2019.12.13-20.28.15:353][  0]LogPackFactory: Copied "../../../Samples/StarterContent/Content/StarterContent/Props/SM_DoorFrame.uasset" to "E:/GameJam/YogscastGameJam/YGJ_Roksalt/Content/StarterContent/Props/SM_DoorFrame.uasset"
[2019.12.13-20.28.15:354][  0]LogPackFactory: Copied "../../../Samples/StarterContent/Content/StarterContent/Props/SM_GlassWindow.uasset" to "E:/GameJam/YogscastGameJam/YGJ_Roksalt/Content/StarterContent/Props/SM_GlassWindow.uasset"
[2019.12.13-20.28.15:355][  0]LogPackFactory: Copied "../../../Samples/StarterContent/Content/StarterContent/Props/SM_Lamp_Ceiling.uasset" to "E:/GameJam/YogscastGameJam/YGJ_Roksalt/Content/StarterContent/Props/SM_Lamp_Ceiling.uasset"
[2019.12.13-20.28.15:356][  0]LogPackFactory: Copied "../../../Samples/StarterContent/Content/StarterContent/Props/SM_Lamp_Wall.uasset" to "E:/GameJam/YogscastGameJam/YGJ_Roksalt/Content/StarterContent/Props/SM_Lamp_Wall.uasset"
[2019.12.13-20.28.15:358][  0]LogPackFactory: Copied "../../../Samples/StarterContent/Content/StarterContent/Props/SM_MatPreviewMesh_02.uasset" to "E:/GameJam/YogscastGameJam/YGJ_Roksalt/Content/StarterContent/Props/SM_MatPreviewMesh_02.uasset"
[2019.12.13-20.28.15:359][  0]LogPackFactory: Copied "../../../Samples/StarterContent/Content/StarterContent/Props/SM_PillarFrame.uasset" to "E:/GameJam/YogscastGameJam/YGJ_Roksalt/Content/StarterContent/Props/SM_PillarFrame.uasset"
[2019.12.13-20.28.15:360][  0]LogPackFactory: Copied "../../../Samples/StarterContent/Content/StarterContent/Props/SM_PillarFrame300.uasset" to "E:/GameJam/YogscastGameJam/YGJ_Roksalt/Content/StarterContent/Props/SM_PillarFrame300.uasset"
[2019.12.13-20.28.15:361][  0]LogPackFactory: Copied "../../../Samples/StarterContent/Content/StarterContent/Props/SM_Rock.uasset" to "E:/GameJam/YogscastGameJam/YGJ_Roksalt/Content/StarterContent/Props/SM_Rock.uasset"
[2019.12.13-20.28.15:362][  0]LogPackFactory: Copied "../../../Samples/StarterContent/Content/StarterContent/Props/SM_Shelf.uasset" to "E:/GameJam/YogscastGameJam/YGJ_Roksalt/Content/StarterContent/Props/SM_Shelf.uasset"
[2019.12.13-20.28.15:363][  0]LogPackFactory: Copied "../../../Samples/StarterContent/Content/StarterContent/Props/SM_Stairs.uasset" to "E:/GameJam/YogscastGameJam/YGJ_Roksalt/Content/StarterContent/Props/SM_Stairs.uasset"
[2019.12.13-20.28.15:364][  0]LogPackFactory: Copied "../../../Samples/StarterContent/Content/StarterContent/Props/SM_Statue.uasset" to "E:/GameJam/YogscastGameJam/YGJ_Roksalt/Content/StarterContent/Props/SM_Statue.uasset"
[2019.12.13-20.28.15:365][  0]LogPackFactory: Copied "../../../Samples/StarterContent/Content/StarterContent/Props/SM_TableRound.uasset" to "E:/GameJam/YogscastGameJam/YGJ_Roksalt/Content/StarterContent/Props/SM_TableRound.uasset"
[2019.12.13-20.28.15:366][  0]LogPackFactory: Copied "../../../Samples/StarterContent/Content/StarterContent/Props/SM_WindowFrame.uasset" to "E:/GameJam/YogscastGameJam/YGJ_Roksalt/Content/StarterContent/Props/SM_WindowFrame.uasset"
[2019.12.13-20.28.15:367][  0]LogPackFactory: Copied "../../../Samples/StarterContent/Content/StarterContent/Props/Materials/M_Bush.uasset" to "E:/GameJam/YogscastGameJam/YGJ_Roksalt/Content/StarterContent/Props/Materials/M_Bush.uasset"
[2019.12.13-20.28.15:368][  0]LogPackFactory: Copied "../../../Samples/StarterContent/Content/StarterContent/Props/Materials/M_Chair.uasset" to "E:/GameJam/YogscastGameJam/YGJ_Roksalt/Content/StarterContent/Props/Materials/M_Chair.uasset"
[2019.12.13-20.28.15:369][  0]LogPackFactory: Copied "../../../Samples/StarterContent/Content/StarterContent/Props/Materials/M_Door.uasset" to "E:/GameJam/YogscastGameJam/YGJ_Roksalt/Content/StarterContent/Props/Materials/M_Door.uasset"
[2019.12.13-20.28.15:370][  0]LogPackFactory: Copied "../../../Samples/StarterContent/Content/StarterContent/Props/Materials/M_Frame.uasset" to "E:/GameJam/YogscastGameJam/YGJ_Roksalt/Content/StarterContent/Props/Materials/M_Frame.uasset"
[2019.12.13-20.28.15:371][  0]LogPackFactory: Copied "../../../Samples/StarterContent/Content/StarterContent/Props/Materials/M_Lamp.uasset" to "E:/GameJam/YogscastGameJam/YGJ_Roksalt/Content/StarterContent/Props/Materials/M_Lamp.uasset"
[2019.12.13-20.28.15:372][  0]LogPackFactory: Copied "../../../Samples/StarterContent/Content/StarterContent/Props/Materials/M_MaterialSphere.uasset" to "E:/GameJam/YogscastGameJam/YGJ_Roksalt/Content/StarterContent/Props/Materials/M_MaterialSphere.uasset"
[2019.12.13-20.28.15:373][  0]LogPackFactory: Copied "../../../Samples/StarterContent/Content/StarterContent/Props/Materials/M_MaterialSphere_Plain.uasset" to "E:/GameJam/YogscastGameJam/YGJ_Roksalt/Content/StarterContent/Props/Materials/M_MaterialSphere_Plain.uasset"
[2019.12.13-20.28.15:374][  0]LogPackFactory: Copied "../../../Samples/StarterContent/Content/StarterContent/Props/Materials/M_Rock.uasset" to "E:/GameJam/YogscastGameJam/YGJ_Roksalt/Content/StarterContent/Props/Materials/M_Rock.uasset"
[2019.12.13-20.28.15:375][  0]LogPackFactory: Copied "../../../Samples/StarterContent/Content/StarterContent/Props/Materials/M_Shelf.uasset" to "E:/GameJam/YogscastGameJam/YGJ_Roksalt/Content/StarterContent/Props/Materials/M_Shelf.uasset"
[2019.12.13-20.28.15:376][  0]LogPackFactory: Copied "../../../Samples/StarterContent/Content/StarterContent/Props/Materials/M_Statue.uasset" to "E:/GameJam/YogscastGameJam/YGJ_Roksalt/Content/StarterContent/Props/Materials/M_Statue.uasset"
[2019.12.13-20.28.15:377][  0]LogPackFactory: Copied "../../../Samples/StarterContent/Content/StarterContent/Props/Materials/M_StatueGlass.uasset" to "E:/GameJam/YogscastGameJam/YGJ_Roksalt/Content/StarterContent/Props/Materials/M_StatueGlass.uasset"
[2019.12.13-20.28.15:378][  0]LogPackFactory: Copied "../../../Samples/StarterContent/Content/StarterContent/Props/Materials/M_TableRound.uasset" to "E:/GameJam/YogscastGameJam/YGJ_Roksalt/Content/StarterContent/Props/Materials/M_TableRound.uasset"
[2019.12.13-20.28.15:379][  0]LogPackFactory: Copied "../../../Samples/StarterContent/Content/StarterContent/Shapes/Shape_Cone.uasset" to "E:/GameJam/YogscastGameJam/YGJ_Roksalt/Content/StarterContent/Shapes/Shape_Cone.uasset"
[2019.12.13-20.28.15:380][  0]LogPackFactory: Copied "../../../Samples/StarterContent/Content/StarterContent/Shapes/Shape_Cube.uasset" to "E:/GameJam/YogscastGameJam/YGJ_Roksalt/Content/StarterContent/Shapes/Shape_Cube.uasset"
[2019.12.13-20.28.15:381][  0]LogPackFactory: Copied "../../../Samples/StarterContent/Content/StarterContent/Shapes/Shape_Cylinder.uasset" to "E:/GameJam/YogscastGameJam/YGJ_Roksalt/Content/StarterContent/Shapes/Shape_Cylinder.uasset"
[2019.12.13-20.28.15:382][  0]LogPackFactory: Copied "../../../Samples/StarterContent/Content/StarterContent/Shapes/Shape_NarrowCapsule.uasset" to "E:/GameJam/YogscastGameJam/YGJ_Roksalt/Content/StarterContent/Shapes/Shape_NarrowCapsule.uasset"
[2019.12.13-20.28.15:383][  0]LogPackFactory: Copied "../../../Samples/StarterContent/Content/StarterContent/Shapes/Shape_Pipe.uasset" to "E:/GameJam/YogscastGameJam/YGJ_Roksalt/Content/StarterContent/Shapes/Shape_Pipe.uasset"
[2019.12.13-20.28.15:384][  0]LogPackFactory: Copied "../../../Samples/StarterContent/Content/StarterContent/Shapes/Shape_Pipe_180.uasset" to "E:/GameJam/YogscastGameJam/YGJ_Roksalt/Content/StarterContent/Shapes/Shape_Pipe_180.uasset"
[2019.12.13-20.28.15:385][  0]LogPackFactory: Copied "../../../Samples/StarterContent/Content/StarterContent/Shapes/Shape_Pipe_90.uasset" to "E:/GameJam/YogscastGameJam/YGJ_Roksalt/Content/StarterContent/Shapes/Shape_Pipe_90.uasset"
[2019.12.13-20.28.15:386][  0]LogPackFactory: Copied "../../../Samples/StarterContent/Content/StarterContent/Shapes/Shape_Plane.uasset" to "E:/GameJam/YogscastGameJam/YGJ_Roksalt/Content/StarterContent/Shapes/Shape_Plane.uasset"
[2019.12.13-20.28.15:386][  0]LogPackFactory: Copied "../../../Samples/StarterContent/Content/StarterContent/Shapes/Shape_QuadPyramid.uasset" to "E:/GameJam/YogscastGameJam/YGJ_Roksalt/Content/StarterContent/Shapes/Shape_QuadPyramid.uasset"
[2019.12.13-20.28.15:388][  0]LogPackFactory: Copied "../../../Samples/StarterContent/Content/StarterContent/Shapes/Shape_Sphere.uasset" to "E:/GameJam/YogscastGameJam/YGJ_Roksalt/Content/StarterContent/Shapes/Shape_Sphere.uasset"
[2019.12.13-20.28.15:389][  0]LogPackFactory: Copied "../../../Samples/StarterContent/Content/StarterContent/Shapes/Shape_Torus.uasset" to "E:/GameJam/YogscastGameJam/YGJ_Roksalt/Content/StarterContent/Shapes/Shape_Torus.uasset"
[2019.12.13-20.28.15:389][  0]LogPackFactory: Copied "../../../Samples/StarterContent/Content/StarterContent/Shapes/Shape_Trim.uasset" to "E:/GameJam/YogscastGameJam/YGJ_Roksalt/Content/StarterContent/Shapes/Shape_Trim.uasset"
[2019.12.13-20.28.15:390][  0]LogPackFactory: Copied "../../../Samples/StarterContent/Content/StarterContent/Shapes/Shape_Trim_90_In.uasset" to "E:/GameJam/YogscastGameJam/YGJ_Roksalt/Content/StarterContent/Shapes/Shape_Trim_90_In.uasset"
[2019.12.13-20.28.15:391][  0]LogPackFactory: Copied "../../../Samples/StarterContent/Content/StarterContent/Shapes/Shape_Trim_90_Out.uasset" to "E:/GameJam/YogscastGameJam/YGJ_Roksalt/Content/StarterContent/Shapes/Shape_Trim_90_Out.uasset"
[2019.12.13-20.28.15:392][  0]LogPackFactory: Copied "../../../Samples/StarterContent/Content/StarterContent/Shapes/Shape_TriPyramid.uasset" to "E:/GameJam/YogscastGameJam/YGJ_Roksalt/Content/StarterContent/Shapes/Shape_TriPyramid.uasset"
[2019.12.13-20.28.15:393][  0]LogPackFactory: Copied "../../../Samples/StarterContent/Content/StarterContent/Shapes/Shape_Tube.uasset" to "E:/GameJam/YogscastGameJam/YGJ_Roksalt/Content/StarterContent/Shapes/Shape_Tube.uasset"
[2019.12.13-20.28.15:394][  0]LogPackFactory: Copied "../../../Samples/StarterContent/Content/StarterContent/Shapes/Shape_Wedge_A.uasset" to "E:/GameJam/YogscastGameJam/YGJ_Roksalt/Content/StarterContent/Shapes/Shape_Wedge_A.uasset"
[2019.12.13-20.28.15:395][  0]LogPackFactory: Copied "../../../Samples/StarterContent/Content/StarterContent/Shapes/Shape_Wedge_B.uasset" to "E:/GameJam/YogscastGameJam/YGJ_Roksalt/Content/StarterContent/Shapes/Shape_Wedge_B.uasset"
[2019.12.13-20.28.15:396][  0]LogPackFactory: Copied "../../../Samples/StarterContent/Content/StarterContent/Shapes/Shape_WideCapsule.uasset" to "E:/GameJam/YogscastGameJam/YGJ_Roksalt/Content/StarterContent/Shapes/Shape_WideCapsule.uasset"
[2019.12.13-20.28.15:400][  0]LogPackFactory: Copied "../../../Samples/StarterContent/Content/StarterContent/Textures/T_Brick_Clay_Beveled_D.uasset" to "E:/GameJam/YogscastGameJam/YGJ_Roksalt/Content/StarterContent/Textures/T_Brick_Clay_Beveled_D.uasset"
[2019.12.13-20.28.15:405][  0]LogPackFactory: Copied "../../../Samples/StarterContent/Content/StarterContent/Textures/T_Brick_Clay_Beveled_M.uasset" to "E:/GameJam/YogscastGameJam/YGJ_Roksalt/Content/StarterContent/Textures/T_Brick_Clay_Beveled_M.uasset"
[2019.12.13-20.28.15:409][  0]LogPackFactory: Copied "../../../Samples/StarterContent/Content/StarterContent/Textures/T_Brick_Clay_Beveled_N.uasset" to "E:/GameJam/YogscastGameJam/YGJ_Roksalt/Content/StarterContent/Textures/T_Brick_Clay_Beveled_N.uasset"
[2019.12.13-20.28.15:413][  0]LogPackFactory: Copied "../../../Samples/StarterContent/Content/StarterContent/Textures/T_Brick_Clay_New_D.uasset" to "E:/GameJam/YogscastGameJam/YGJ_Roksalt/Content/StarterContent/Textures/T_Brick_Clay_New_D.uasset"
[2019.12.13-20.28.15:418][  0]LogPackFactory: Copied "../../../Samples/StarterContent/Content/StarterContent/Textures/T_Brick_Clay_New_M.uasset" to "E:/GameJam/YogscastGameJam/YGJ_Roksalt/Content/StarterContent/Textures/T_Brick_Clay_New_M.uasset"
[2019.12.13-20.28.15:423][  0]LogPackFactory: Copied "../../../Samples/StarterContent/Content/StarterContent/Textures/T_Brick_Clay_New_N.uasset" to "E:/GameJam/YogscastGameJam/YGJ_Roksalt/Content/StarterContent/Textures/T_Brick_Clay_New_N.uasset"
[2019.12.13-20.28.15:429][  0]LogPackFactory: Copied "../../../Samples/StarterContent/Content/StarterContent/Textures/T_Brick_Clay_Old_D.uasset" to "E:/GameJam/YogscastGameJam/YGJ_Roksalt/Content/StarterContent/Textures/T_Brick_Clay_Old_D.uasset"
[2019.12.13-20.28.15:433][  0]LogPackFactory: Copied "../../../Samples/StarterContent/Content/StarterContent/Textures/T_Brick_Clay_Old_N.uasset" to "E:/GameJam/YogscastGameJam/YGJ_Roksalt/Content/StarterContent/Textures/T_Brick_Clay_Old_N.uasset"
[2019.12.13-20.28.15:440][  0]LogPackFactory: Copied "../../../Samples/StarterContent/Content/StarterContent/Textures/T_Brick_Cut_Stone_D.uasset" to "E:/GameJam/YogscastGameJam/YGJ_Roksalt/Content/StarterContent/Textures/T_Brick_Cut_Stone_D.uasset"
[2019.12.13-20.28.15:444][  0]LogPackFactory: Copied "../../../Samples/StarterContent/Content/StarterContent/Textures/T_Brick_Cut_Stone_N.uasset" to "E:/GameJam/YogscastGameJam/YGJ_Roksalt/Content/StarterContent/Textures/T_Brick_Cut_Stone_N.uasset"
[2019.12.13-20.28.15:449][  0]LogPackFactory: Copied "../../../Samples/StarterContent/Content/StarterContent/Textures/T_Brick_Hewn_Stone_D.uasset" to "E:/GameJam/YogscastGameJam/YGJ_Roksalt/Content/StarterContent/Textures/T_Brick_Hewn_Stone_D.uasset"
[2019.12.13-20.28.15:452][  0]LogPackFactory: Copied "../../../Samples/StarterContent/Content/StarterContent/Textures/T_Brick_Hewn_Stone_M.uasset" to "E:/GameJam/YogscastGameJam/YGJ_Roksalt/Content/StarterContent/Textures/T_Brick_Hewn_Stone_M.uasset"
[2019.12.13-20.28.15:457][  0]LogPackFactory: Copied "../../../Samples/StarterContent/Content/StarterContent/Textures/T_Brick_Hewn_Stone_N.uasset" to "E:/GameJam/YogscastGameJam/YGJ_Roksalt/Content/StarterContent/Textures/T_Brick_Hewn_Stone_N.uasset"
[2019.12.13-20.28.15:458][  0]LogPackFactory: Copied "../../../Samples/StarterContent/Content/StarterContent/Textures/T_Burst_M.uasset" to "E:/GameJam/YogscastGameJam/YGJ_Roksalt/Content/StarterContent/Textures/T_Burst_M.uasset"
[2019.12.13-20.28.15:459][  0]LogPackFactory: Copied "../../../Samples/StarterContent/Content/StarterContent/Textures/T_Bush_D.uasset" to "E:/GameJam/YogscastGameJam/YGJ_Roksalt/Content/StarterContent/Textures/T_Bush_D.uasset"
[2019.12.13-20.28.15:461][  0]LogPackFactory: Copied "../../../Samples/StarterContent/Content/StarterContent/Textures/T_Bush_N.uasset" to "E:/GameJam/YogscastGameJam/YGJ_Roksalt/Content/StarterContent/Textures/T_Bush_N.uasset"
[2019.12.13-20.28.15:461][  0]LogPackFactory: Copied "../../../Samples/StarterContent/Content/StarterContent/Textures/T_Ceramic_Tile_M.uasset" to "E:/GameJam/YogscastGameJam/YGJ_Roksalt/Content/StarterContent/Textures/T_Ceramic_Tile_M.uasset"
[2019.12.13-20.28.15:463][  0]LogPackFactory: Copied "../../../Samples/StarterContent/Content/StarterContent/Textures/T_Ceramic_Tile_N.uasset" to "E:/GameJam/YogscastGameJam/YGJ_Roksalt/Content/StarterContent/Textures/T_Ceramic_Tile_N.uasset"
[2019.12.13-20.28.15:464][  0]LogPackFactory: Copied "../../../Samples/StarterContent/Content/StarterContent/Textures/T_Chair_M.uasset" to "E:/GameJam/YogscastGameJam/YGJ_Roksalt/Content/StarterContent/Textures/T_Chair_M.uasset"
[2019.12.13-20.28.15:465][  0]LogPackFactory: Copied "../../../Samples/StarterContent/Content/StarterContent/Textures/T_Chair_N.uasset" to "E:/GameJam/YogscastGameJam/YGJ_Roksalt/Content/StarterContent/Textures/T_Chair_N.uasset"
[2019.12.13-20.28.15:466][  0]LogPackFactory: Copied "../../../Samples/StarterContent/Content/StarterContent/Textures/T_Checker_Noise_M.uasset" to "E:/GameJam/YogscastGameJam/YGJ_Roksalt/Content/StarterContent/Textures/T_Checker_Noise_M.uasset"
[2019.12.13-20.28.15:472][  0]LogPackFactory: Copied "../../../Samples/StarterContent/Content/StarterContent/Textures/T_CobbleStone_Pebble_D.uasset" to "E:/GameJam/YogscastGameJam/YGJ_Roksalt/Content/StarterContent/Textures/T_CobbleStone_Pebble_D.uasset"
[2019.12.13-20.28.15:474][  0]LogPackFactory: Copied "../../../Samples/StarterContent/Content/StarterContent/Textures/T_CobbleStone_Pebble_M.uasset" to "E:/GameJam/YogscastGameJam/YGJ_Roksalt/Content/StarterContent/Textures/T_CobbleStone_Pebble_M.uasset"
[2019.12.13-20.28.15:498][  0]LogPackFactory: Copied "../../../Samples/StarterContent/Content/StarterContent/Textures/T_CobbleStone_Pebble_N.uasset" to "E:/GameJam/YogscastGameJam/YGJ_Roksalt/Content/StarterContent/Textures/T_CobbleStone_Pebble_N.uasset"
[2019.12.13-20.28.15:501][  0]LogPackFactory: Copied "../../../Samples/StarterContent/Content/StarterContent/Textures/T_CobbleStone_Rough_D.uasset" to "E:/GameJam/YogscastGameJam/YGJ_Roksalt/Content/StarterContent/Textures/T_CobbleStone_Rough_D.uasset"
[2019.12.13-20.28.15:503][  0]LogPackFactory: Copied "../../../Samples/StarterContent/Content/StarterContent/Textures/T_CobbleStone_Rough_N.uasset" to "E:/GameJam/YogscastGameJam/YGJ_Roksalt/Content/StarterContent/Textures/T_CobbleStone_Rough_N.uasset"
[2019.12.13-20.28.15:507][  0]LogPackFactory: Copied "../../../Samples/StarterContent/Content/StarterContent/Textures/T_CobbleStone_Smooth_D.uasset" to "E:/GameJam/YogscastGameJam/YGJ_Roksalt/Content/StarterContent/Textures/T_CobbleStone_Smooth_D.uasset"
[2019.12.13-20.28.15:511][  0]LogPackFactory: Copied "../../../Samples/StarterContent/Content/StarterContent/Textures/T_CobbleStone_Smooth_M.uasset" to "E:/GameJam/YogscastGameJam/YGJ_Roksalt/Content/StarterContent/Textures/T_CobbleStone_Smooth_M.uasset"
[2019.12.13-20.28.15:516][  0]LogPackFactory: Copied "../../../Samples/StarterContent/Content/StarterContent/Textures/T_CobbleStone_Smooth_N.uasset" to "E:/GameJam/YogscastGameJam/YGJ_Roksalt/Content/StarterContent/Textures/T_CobbleStone_Smooth_N.uasset"
[2019.12.13-20.28.15:522][  0]LogPackFactory: Copied "../../../Samples/StarterContent/Content/StarterContent/Textures/T_Concrete_Grime_D.uasset" to "E:/GameJam/YogscastGameJam/YGJ_Roksalt/Content/StarterContent/Textures/T_Concrete_Grime_D.uasset"
[2019.12.13-20.28.15:526][  0]LogPackFactory: Copied "../../../Samples/StarterContent/Content/StarterContent/Textures/T_Concrete_Panels_D.uasset" to "E:/GameJam/YogscastGameJam/YGJ_Roksalt/Content/StarterContent/Textures/T_Concrete_Panels_D.uasset"
[2019.12.13-20.28.15:530][  0]LogPackFactory: Copied "../../../Samples/StarterContent/Content/StarterContent/Textures/T_Concrete_Panels_N.uasset" to "E:/GameJam/YogscastGameJam/YGJ_Roksalt/Content/StarterContent/Textures/T_Concrete_Panels_N.uasset"
[2019.12.13-20.28.15:536][  0]LogPackFactory: Copied "../../../Samples/StarterContent/Content/StarterContent/Textures/T_Concrete_Poured_D.uasset" to "E:/GameJam/YogscastGameJam/YGJ_Roksalt/Content/StarterContent/Textures/T_Concrete_Poured_D.uasset"
[2019.12.13-20.28.15:540][  0]LogPackFactory: Copied "../../../Samples/StarterContent/Content/StarterContent/Textures/T_Concrete_Poured_N.uasset" to "E:/GameJam/YogscastGameJam/YGJ_Roksalt/Content/StarterContent/Textures/T_Concrete_Poured_N.uasset"
[2019.12.13-20.28.15:543][  0]LogPackFactory: Copied "../../../Samples/StarterContent/Content/StarterContent/Textures/T_Concrete_Tiles_D.uasset" to "E:/GameJam/YogscastGameJam/YGJ_Roksalt/Content/StarterContent/Textures/T_Concrete_Tiles_D.uasset"
[2019.12.13-20.28.15:547][  0]LogPackFactory: Copied "../../../Samples/StarterContent/Content/StarterContent/Textures/T_Concrete_Tiles_M.uasset" to "E:/GameJam/YogscastGameJam/YGJ_Roksalt/Content/StarterContent/Textures/T_Concrete_Tiles_M.uasset"
[2019.12.13-20.28.15:551][  0]LogPackFactory: Copied "../../../Samples/StarterContent/Content/StarterContent/Textures/T_Concrete_Tiles_N.uasset" to "E:/GameJam/YogscastGameJam/YGJ_Roksalt/Content/StarterContent/Textures/T_Concrete_Tiles_N.uasset"
[2019.12.13-20.28.15:552][  0]LogPackFactory: Copied "../../../Samples/StarterContent/Content/StarterContent/Textures/T_Concrete_Tiles_Variation_M.uasset" to "E:/GameJam/YogscastGameJam/YGJ_Roksalt/Content/StarterContent/Textures/T_Concrete_Tiles_Variation_M.uasset"
[2019.12.13-20.28.15:554][  0]LogPackFactory: Copied "../../../Samples/StarterContent/Content/StarterContent/Textures/T_Detail_Rocky_N.uasset" to "E:/GameJam/YogscastGameJam/YGJ_Roksalt/Content/StarterContent/Textures/T_Detail_Rocky_N.uasset"
[2019.12.13-20.28.15:555][  0]LogPackFactory: Copied "../../../Samples/StarterContent/Content/StarterContent/Textures/T_Door_M.uasset" to "E:/GameJam/YogscastGameJam/YGJ_Roksalt/Content/StarterContent/Textures/T_Door_M.uasset"
[2019.12.13-20.28.15:556][  0]LogPackFactory: Copied "../../../Samples/StarterContent/Content/StarterContent/Textures/T_Door_N.uasset" to "E:/GameJam/YogscastGameJam/YGJ_Roksalt/Content/StarterContent/Textures/T_Door_N.uasset"
[2019.12.13-20.28.15:557][  0]LogPackFactory: Copied "../../../Samples/StarterContent/Content/StarterContent/Textures/T_Dust_Particle_D.uasset" to "E:/GameJam/YogscastGameJam/YGJ_Roksalt/Content/StarterContent/Textures/T_Dust_Particle_D.uasset"
[2019.12.13-20.28.15:560][  0]LogPackFactory: Copied "../../../Samples/StarterContent/Content/StarterContent/Textures/T_Explosion_SubUV.uasset" to "E:/GameJam/YogscastGameJam/YGJ_Roksalt/Content/StarterContent/Textures/T_Explosion_SubUV.uasset"
[2019.12.13-20.28.15:561][  0]LogPackFactory: Copied "../../../Samples/StarterContent/Content/StarterContent/Textures/T_Fire_SubUV.uasset" to "E:/GameJam/YogscastGameJam/YGJ_Roksalt/Content/StarterContent/Textures/T_Fire_SubUV.uasset"
[2019.12.13-20.28.15:562][  0]LogPackFactory: Copied "../../../Samples/StarterContent/Content/StarterContent/Textures/T_Fire_Tiled_D.uasset" to "E:/GameJam/YogscastGameJam/YGJ_Roksalt/Content/StarterContent/Textures/T_Fire_Tiled_D.uasset"
[2019.12.13-20.28.15:563][  0]LogPackFactory: Copied "../../../Samples/StarterContent/Content/StarterContent/Textures/T_Frame_M.uasset" to "E:/GameJam/YogscastGameJam/YGJ_Roksalt/Content/StarterContent/Textures/T_Frame_M.uasset"
[2019.12.13-20.28.15:565][  0]LogPackFactory: Copied "../../../Samples/StarterContent/Content/StarterContent/Textures/T_Frame_N.uasset" to "E:/GameJam/YogscastGameJam/YGJ_Roksalt/Content/StarterContent/Textures/T_Frame_N.uasset"
[2019.12.13-20.28.15:566][  0]LogPackFactory: Copied "../../../Samples/StarterContent/Content/StarterContent/Textures/T_Gradinet_01.uasset" to "E:/GameJam/YogscastGameJam/YGJ_Roksalt/Content/StarterContent/Textures/T_Gradinet_01.uasset"
[2019.12.13-20.28.15:572][  0]LogPackFactory: Copied "../../../Samples/StarterContent/Content/StarterContent/Textures/T_Ground_Grass_D.uasset" to "E:/GameJam/YogscastGameJam/YGJ_Roksalt/Content/StarterContent/Textures/T_Ground_Grass_D.uasset"
[2019.12.13-20.28.15:580][  0]LogPackFactory: Copied "../../../Samples/StarterContent/Content/StarterContent/Textures/T_Ground_Grass_N.uasset" to "E:/GameJam/YogscastGameJam/YGJ_Roksalt/Content/StarterContent/Textures/T_Ground_Grass_N.uasset"
[2019.12.13-20.28.15:587][  0]LogPackFactory: Copied "../../../Samples/StarterContent/Content/StarterContent/Textures/T_Ground_Gravel_D.uasset" to "E:/GameJam/YogscastGameJam/YGJ_Roksalt/Content/StarterContent/Textures/T_Ground_Gravel_D.uasset"
[2019.12.13-20.28.15:593][  0]LogPackFactory: Copied "../../../Samples/StarterContent/Content/StarterContent/Textures/T_Ground_Gravel_N.uasset" to "E:/GameJam/YogscastGameJam/YGJ_Roksalt/Content/StarterContent/Textures/T_Ground_Gravel_N.uasset"
[2019.12.13-20.28.15:600][  0]LogPackFactory: Copied "../../../Samples/StarterContent/Content/StarterContent/Textures/T_ground_Moss_D.uasset" to "E:/GameJam/YogscastGameJam/YGJ_Roksalt/Content/StarterContent/Textures/T_ground_Moss_D.uasset"
[2019.12.13-20.28.15:605][  0]LogPackFactory: Copied "../../../Samples/StarterContent/Content/StarterContent/Textures/T_Ground_Moss_N.uasset" to "E:/GameJam/YogscastGameJam/YGJ_Roksalt/Content/StarterContent/Textures/T_Ground_Moss_N.uasset"
[2019.12.13-20.28.15:606][  0]LogPackFactory: Copied "../../../Samples/StarterContent/Content/StarterContent/Textures/T_Lamp_M.uasset" to "E:/GameJam/YogscastGameJam/YGJ_Roksalt/Content/StarterContent/Textures/T_Lamp_M.uasset"
[2019.12.13-20.28.15:608][  0]LogPackFactory: Copied "../../../Samples/StarterContent/Content/StarterContent/Textures/T_Lamp_N.uasset" to "E:/GameJam/YogscastGameJam/YGJ_Roksalt/Content/StarterContent/Textures/T_Lamp_N.uasset"
[2019.12.13-20.28.15:614][  0]LogPackFactory: Copied "../../../Samples/StarterContent/Content/StarterContent/Textures/T_MacroVariation.uasset" to "E:/GameJam/YogscastGameJam/YGJ_Roksalt/Content/StarterContent/Textures/T_MacroVariation.uasset"
[2019.12.13-20.28.15:619][  0]LogPackFactory: Copied "../../../Samples/StarterContent/Content/StarterContent/Textures/T_Metal_Aluminum_D.uasset" to "E:/GameJam/YogscastGameJam/YGJ_Roksalt/Content/StarterContent/Textures/T_Metal_Aluminum_D.uasset"
[2019.12.13-20.28.15:624][  0]LogPackFactory: Copied "../../../Samples/StarterContent/Content/StarterContent/Textures/T_Metal_Copper_D.uasset" to "E:/GameJam/YogscastGameJam/YGJ_Roksalt/Content/StarterContent/Textures/T_Metal_Copper_D.uasset"
[2019.12.13-20.28.15:629][  0]LogPackFactory: Copied "../../../Samples/StarterContent/Content/StarterContent/Textures/T_Metal_Gold_D.uasset" to "E:/GameJam/YogscastGameJam/YGJ_Roksalt/Content/StarterContent/Textures/T_Metal_Gold_D.uasset"
[2019.12.13-20.28.15:631][  0]LogPackFactory: Copied "../../../Samples/StarterContent/Content/StarterContent/Textures/T_Metal_Gold_N.uasset" to "E:/GameJam/YogscastGameJam/YGJ_Roksalt/Content/StarterContent/Textures/T_Metal_Gold_N.uasset"
[2019.12.13-20.28.15:636][  0]LogPackFactory: Copied "../../../Samples/StarterContent/Content/StarterContent/Textures/T_Metal_Rust_D.uasset" to "E:/GameJam/YogscastGameJam/YGJ_Roksalt/Content/StarterContent/Textures/T_Metal_Rust_D.uasset"
[2019.12.13-20.28.15:641][  0]LogPackFactory: Copied "../../../Samples/StarterContent/Content/StarterContent/Textures/T_Metal_Rust_N.uasset" to "E:/GameJam/YogscastGameJam/YGJ_Roksalt/Content/StarterContent/Textures/T_Metal_Rust_N.uasset"
[2019.12.13-20.28.15:643][  0]LogPackFactory: Copied "../../../Samples/StarterContent/Content/StarterContent/Textures/T_Metal_Steel_D.uasset" to "E:/GameJam/YogscastGameJam/YGJ_Roksalt/Content/StarterContent/Textures/T_Metal_Steel_D.uasset"
[2019.12.13-20.28.15:646][  0]LogPackFactory: Copied "../../../Samples/StarterContent/Content/StarterContent/Textures/T_Metal_Steel_N.uasset" to "E:/GameJam/YogscastGameJam/YGJ_Roksalt/Content/StarterContent/Textures/T_Metal_Steel_N.uasset"
[2019.12.13-20.28.15:651][  0]LogPackFactory: Copied "../../../Samples/StarterContent/Content/StarterContent/Textures/T_Perlin_Noise_M.uasset" to "E:/GameJam/YogscastGameJam/YGJ_Roksalt/Content/StarterContent/Textures/T_Perlin_Noise_M.uasset"
[2019.12.13-20.28.15:653][  0]LogPackFactory: Copied "../../../Samples/StarterContent/Content/StarterContent/Textures/T_RockMesh_M.uasset" to "E:/GameJam/YogscastGameJam/YGJ_Roksalt/Content/StarterContent/Textures/T_RockMesh_M.uasset"
[2019.12.13-20.28.15:656][  0]LogPackFactory: Copied "../../../Samples/StarterContent/Content/StarterContent/Textures/T_RockMesh_N.uasset" to "E:/GameJam/YogscastGameJam/YGJ_Roksalt/Content/StarterContent/Textures/T_RockMesh_N.uasset"
[2019.12.13-20.28.15:661][  0]LogPackFactory: Copied "../../../Samples/StarterContent/Content/StarterContent/Textures/T_Rock_Basalt_D.uasset" to "E:/GameJam/YogscastGameJam/YGJ_Roksalt/Content/StarterContent/Textures/T_Rock_Basalt_D.uasset"
[2019.12.13-20.28.15:666][  0]LogPackFactory: Copied "../../../Samples/StarterContent/Content/StarterContent/Textures/T_Rock_Basalt_N.uasset" to "E:/GameJam/YogscastGameJam/YGJ_Roksalt/Content/StarterContent/Textures/T_Rock_Basalt_N.uasset"
[2019.12.13-20.28.15:669][  0]LogPackFactory: Copied "../../../Samples/StarterContent/Content/StarterContent/Textures/T_Rock_Marble_Polished_D.uasset" to "E:/GameJam/YogscastGameJam/YGJ_Roksalt/Content/StarterContent/Textures/T_Rock_Marble_Polished_D.uasset"
[2019.12.13-20.28.15:674][  0]LogPackFactory: Copied "../../../Samples/StarterContent/Content/StarterContent/Textures/T_Rock_Sandstone_D.uasset" to "E:/GameJam/YogscastGameJam/YGJ_Roksalt/Content/StarterContent/Textures/T_Rock_Sandstone_D.uasset"
[2019.12.13-20.28.15:679][  0]LogPackFactory: Copied "../../../Samples/StarterContent/Content/StarterContent/Textures/T_Rock_Sandstone_N.uasset" to "E:/GameJam/YogscastGameJam/YGJ_Roksalt/Content/StarterContent/Textures/T_Rock_Sandstone_N.uasset"
[2019.12.13-20.28.15:686][  0]LogPackFactory: Copied "../../../Samples/StarterContent/Content/StarterContent/Textures/T_Rock_Slate_D.uasset" to "E:/GameJam/YogscastGameJam/YGJ_Roksalt/Content/StarterContent/Textures/T_Rock_Slate_D.uasset"
[2019.12.13-20.28.15:691][  0]LogPackFactory: Copied "../../../Samples/StarterContent/Content/StarterContent/Textures/T_Rock_Slate_N.uasset" to "E:/GameJam/YogscastGameJam/YGJ_Roksalt/Content/StarterContent/Textures/T_Rock_Slate_N.uasset"
[2019.12.13-20.28.15:696][  0]LogPackFactory: Copied "../../../Samples/StarterContent/Content/StarterContent/Textures/T_Rock_Smooth_Granite_D.uasset" to "E:/GameJam/YogscastGameJam/YGJ_Roksalt/Content/StarterContent/Textures/T_Rock_Smooth_Granite_D.uasset"
[2019.12.13-20.28.15:697][  0]LogPackFactory: Copied "../../../Samples/StarterContent/Content/StarterContent/Textures/T_Shelf_M.uasset" to "E:/GameJam/YogscastGameJam/YGJ_Roksalt/Content/StarterContent/Textures/T_Shelf_M.uasset"
[2019.12.13-20.28.15:699][  0]LogPackFactory: Copied "../../../Samples/StarterContent/Content/StarterContent/Textures/T_Shelf_N.uasset" to "E:/GameJam/YogscastGameJam/YGJ_Roksalt/Content/StarterContent/Textures/T_Shelf_N.uasset"
[2019.12.13-20.28.15:700][  0]LogPackFactory: Copied "../../../Samples/StarterContent/Content/StarterContent/Textures/T_Single_Tile_N.uasset" to "E:/GameJam/YogscastGameJam/YGJ_Roksalt/Content/StarterContent/Textures/T_Single_Tile_N.uasset"
[2019.12.13-20.28.15:702][  0]LogPackFactory: Copied "../../../Samples/StarterContent/Content/StarterContent/Textures/T_Smoke_SubUV.uasset" to "E:/GameJam/YogscastGameJam/YGJ_Roksalt/Content/StarterContent/Textures/T_Smoke_SubUV.uasset"
[2019.12.13-20.28.15:703][  0]LogPackFactory: Copied "../../../Samples/StarterContent/Content/StarterContent/Textures/T_Smoke_Tiled_D.uasset" to "E:/GameJam/YogscastGameJam/YGJ_Roksalt/Content/StarterContent/Textures/T_Smoke_Tiled_D.uasset"
[2019.12.13-20.28.15:704][  0]LogPackFactory: Copied "../../../Samples/StarterContent/Content/StarterContent/Textures/T_Spark_Core.uasset" to "E:/GameJam/YogscastGameJam/YGJ_Roksalt/Content/StarterContent/Textures/T_Spark_Core.uasset"
[2019.12.13-20.28.15:705][  0]LogPackFactory: Copied "../../../Samples/StarterContent/Content/StarterContent/Textures/T_Statue_M.uasset" to "E:/GameJam/YogscastGameJam/YGJ_Roksalt/Content/StarterContent/Textures/T_Statue_M.uasset"
[2019.12.13-20.28.15:706][  0]LogPackFactory: Copied "../../../Samples/StarterContent/Content/StarterContent/Textures/T_Statue_N.uasset" to "E:/GameJam/YogscastGameJam/YGJ_Roksalt/Content/StarterContent/Textures/T_Statue_N.uasset"
[2019.12.13-20.28.15:708][  0]LogPackFactory: Copied "../../../Samples/StarterContent/Content/StarterContent/Textures/T_TableRound_M.uasset" to "E:/GameJam/YogscastGameJam/YGJ_Roksalt/Content/StarterContent/Textures/T_TableRound_M.uasset"
[2019.12.13-20.28.15:710][  0]LogPackFactory: Copied "../../../Samples/StarterContent/Content/StarterContent/Textures/T_TableRound_N.uasset" to "E:/GameJam/YogscastGameJam/YGJ_Roksalt/Content/StarterContent/Textures/T_TableRound_N.uasset"
[2019.12.13-20.28.15:710][  0]LogPackFactory: Copied "../../../Samples/StarterContent/Content/StarterContent/Textures/T_Tech_Dot_M.uasset" to "E:/GameJam/YogscastGameJam/YGJ_Roksalt/Content/StarterContent/Textures/T_Tech_Dot_M.uasset"
[2019.12.13-20.28.15:711][  0]LogPackFactory: Copied "../../../Samples/StarterContent/Content/StarterContent/Textures/T_Tech_Dot_N.uasset" to "E:/GameJam/YogscastGameJam/YGJ_Roksalt/Content/StarterContent/Textures/T_Tech_Dot_N.uasset"
[2019.12.13-20.28.15:713][  0]LogPackFactory: Copied "../../../Samples/StarterContent/Content/StarterContent/Textures/T_Tech_Hex_Tile_M.uasset" to "E:/GameJam/YogscastGameJam/YGJ_Roksalt/Content/StarterContent/Textures/T_Tech_Hex_Tile_M.uasset"
[2019.12.13-20.28.15:714][  0]LogPackFactory: Copied "../../../Samples/StarterContent/Content/StarterContent/Textures/T_Tech_Hex_Tile_N.uasset" to "E:/GameJam/YogscastGameJam/YGJ_Roksalt/Content/StarterContent/Textures/T_Tech_Hex_Tile_N.uasset"
[2019.12.13-20.28.15:715][  0]LogPackFactory: Copied "../../../Samples/StarterContent/Content/StarterContent/Textures/T_Tech_Panel_M.uasset" to "E:/GameJam/YogscastGameJam/YGJ_Roksalt/Content/StarterContent/Textures/T_Tech_Panel_M.uasset"
[2019.12.13-20.28.15:717][  0]LogPackFactory: Copied "../../../Samples/StarterContent/Content/StarterContent/Textures/T_Tech_Panel_N.uasset" to "E:/GameJam/YogscastGameJam/YGJ_Roksalt/Content/StarterContent/Textures/T_Tech_Panel_N.uasset"
[2019.12.13-20.28.15:719][  0]LogPackFactory: Copied "../../../Samples/StarterContent/Content/StarterContent/Textures/T_Water_M.uasset" to "E:/GameJam/YogscastGameJam/YGJ_Roksalt/Content/StarterContent/Textures/T_Water_M.uasset"
[2019.12.13-20.28.15:721][  0]LogPackFactory: Copied "../../../Samples/StarterContent/Content/StarterContent/Textures/T_Water_N.uasset" to "E:/GameJam/YogscastGameJam/YGJ_Roksalt/Content/StarterContent/Textures/T_Water_N.uasset"
[2019.12.13-20.28.15:724][  0]LogPackFactory: Copied "../../../Samples/StarterContent/Content/StarterContent/Textures/T_Wood_Floor_Walnut_D.uasset" to "E:/GameJam/YogscastGameJam/YGJ_Roksalt/Content/StarterContent/Textures/T_Wood_Floor_Walnut_D.uasset"
[2019.12.13-20.28.15:727][  0]LogPackFactory: Copied "../../../Samples/StarterContent/Content/StarterContent/Textures/T_Wood_Floor_Walnut_M.uasset" to "E:/GameJam/YogscastGameJam/YGJ_Roksalt/Content/StarterContent/Textures/T_Wood_Floor_Walnut_M.uasset"
[2019.12.13-20.28.15:729][  0]LogPackFactory: Copied "../../../Samples/StarterContent/Content/StarterContent/Textures/T_Wood_Floor_Walnut_N.uasset" to "E:/GameJam/YogscastGameJam/YGJ_Roksalt/Content/StarterContent/Textures/T_Wood_Floor_Walnut_N.uasset"
[2019.12.13-20.28.15:733][  0]LogPackFactory: Copied "../../../Samples/StarterContent/Content/StarterContent/Textures/T_Wood_Oak_D.uasset" to "E:/GameJam/YogscastGameJam/YGJ_Roksalt/Content/StarterContent/Textures/T_Wood_Oak_D.uasset"
[2019.12.13-20.28.15:737][  0]LogPackFactory: Copied "../../../Samples/StarterContent/Content/StarterContent/Textures/T_Wood_Oak_N.uasset" to "E:/GameJam/YogscastGameJam/YGJ_Roksalt/Content/StarterContent/Textures/T_Wood_Oak_N.uasset"
[2019.12.13-20.28.15:742][  0]LogPackFactory: Copied "../../../Samples/StarterContent/Content/StarterContent/Textures/T_Wood_Pine_D.uasset" to "E:/GameJam/YogscastGameJam/YGJ_Roksalt/Content/StarterContent/Textures/T_Wood_Pine_D.uasset"
[2019.12.13-20.28.15:744][  0]LogPackFactory: Copied "../../../Samples/StarterContent/Content/StarterContent/Textures/T_Wood_Pine_N.uasset" to "E:/GameJam/YogscastGameJam/YGJ_Roksalt/Content/StarterContent/Textures/T_Wood_Pine_N.uasset"
[2019.12.13-20.28.15:748][  0]LogPackFactory: Copied "../../../Samples/StarterContent/Content/StarterContent/Textures/T_Wood_Walnut_D.uasset" to "E:/GameJam/YogscastGameJam/YGJ_Roksalt/Content/StarterContent/Textures/T_Wood_Walnut_D.uasset"
[2019.12.13-20.28.15:751][  0]LogPackFactory: Copied "../../../Samples/StarterContent/Content/StarterContent/Textures/T_Wood_Walnut_N.uasset" to "E:/GameJam/YogscastGameJam/YGJ_Roksalt/Content/StarterContent/Textures/T_Wood_Walnut_N.uasset"
[2019.12.13-20.28.15:788][  0]LogRenderer: Reallocating scene render targets to support 256x256 Format 10 NumSamples 1 (Frame:1).
[2019.12.13-20.28.15:833][  0]Cmd: OBJ SAVEPACKAGE PACKAGE="/Game/StarterContent/Architecture/Floor_400x400" FILE="E:/GameJam/YogscastGameJam/YGJ_Roksalt/Content/StarterContent/Architecture/Floor_400x400.uasset" SILENT=true
[2019.12.13-20.28.15:843][  0]LogSavePackage: Moving 'E:/GameJam/YogscastGameJam/YGJ_Roksalt/Saved/Floor_400x4008B1BAE06429C7598E9D8F3A5E775E963.tmp' to 'E:/GameJam/YogscastGameJam/YGJ_Roksalt/Content/StarterContent/Architecture/Floor_400x400.uasset'
[2019.12.13-20.28.15:846][  0]LogFeaturePack: Warning: Inserted 1 feature packs
[2019.12.13-20.28.15:847][  0]Cmd: MAP LOAD FILE="E:/GameJam/YogscastGameJam/YGJ_Roksalt/Content/FirstPersonBP/Maps/FirstPersonExampleMap.umap" TEMPLATE=0 SHOWPROGRESS=1 FEATURELEVEL=3
[2019.12.13-20.28.15:848][  0]LightingResults: New page: Lighting Build
[2019.12.13-20.28.15:850][  0]MapCheck: New page: Map Check
[2019.12.13-20.28.15:850][  0]LightingResults: New page: Lighting Build
[2019.12.13-20.28.16:232][  0]LogAIModule: Creating AISystem for world FirstPersonExampleMap
[2019.12.13-20.28.16:239][  0]LogEditorServer: Finished looking for orphan Actors (0.000 secs)
[2019.12.13-20.28.16:257][  0]Cmd: MAP CHECKDEP NOCLEARLOG
[2019.12.13-20.28.16:344][  0]MapCheck: Map check complete: 0 Error(s), 0 Warning(s), took 88.378ms to complete.
[2019.12.13-20.28.16:344][  0]LogFileHelpers: Loading map 'FirstPersonExampleMap' took 0.498
[2019.12.13-20.28.16:446][  0]LogSlate: Updating window title bar state: overlay mode, drag disabled, window buttons hidden, title bar hidden
[2019.12.13-20.28.16:451][  0]LogSlate: Updating window title bar state: overlay mode, drag disabled, window buttons hidden, title bar hidden
[2019.12.13-20.28.16:457][  0]LogSlate: Updating window title bar state: overlay mode, drag disabled, window buttons hidden, title bar hidden
[2019.12.13-20.28.16:462][  0]LogSlate: Updating window title bar state: overlay mode, drag disabled, window buttons hidden, title bar hidden
[2019.12.13-20.28.16:468][  0]LogCollectionManager: Loaded 0 collections in 0.001758 seconds
[2019.12.13-20.28.16:534][  0]LogFileCache: Scanning file cache for directory 'E:/GameJam/YogscastGameJam/YGJ_Roksalt/Saved/Collections/' took 0.01s
[2019.12.13-20.28.16:534][  0]LogFileCache: Scanning file cache for directory 'E:/GameJam/YogscastGameJam/YGJ_Roksalt/Content/Developers/JoeJones/Collections/' took 0.01s
[2019.12.13-20.28.16:534][  0]LogFileCache: Scanning file cache for directory 'E:/GameJam/YogscastGameJam/YGJ_Roksalt/Content/Collections/' took 0.01s
[2019.12.13-20.28.16:534][  0]LogCollectionManager: Rebuilt the GUID cache for 0 collections in 0.000000 seconds
[2019.12.13-20.28.16:541][  0]LogContentBrowser: Native class hierarchy populated in 0.0070 seconds. Added 2572 classes and 603 folders.
[2019.12.13-20.28.16:547][  0]LogContentBrowser: Native class hierarchy updated for 'WidgetCarousel' in 0.0003 seconds. Added 0 classes and 0 folders.
[2019.12.13-20.28.16:607][  0]LogContentBrowser: Native class hierarchy updated for 'AddContentDialog' in 0.0003 seconds. Added 0 classes and 0 folders.
[2019.12.13-20.28.16:611][  0]LogContentBrowser: Native class hierarchy updated for 'SceneOutliner' in 0.0003 seconds. Added 1 classes and 2 folders.
[2019.12.13-20.28.16:673][  0]LogSlate: Took 0.000261 seconds to synchronously load lazily loaded font '../../../Engine/Content/Slate/Fonts/Roboto-Regular.ttf' (155K)
[2019.12.13-20.28.16:676][  0]LogSlate: Took 0.000253 seconds to synchronously load lazily loaded font '../../../Engine/Content/Slate/Fonts/Roboto-Bold.ttf' (160K)
[2019.12.13-20.28.16:681][  0]LogSlate: Took 0.000234 seconds to synchronously load lazily loaded font '../../../Engine/Content/Editor/Slate/Fonts/FontAwesome.ttf' (139K)
[2019.12.13-20.28.16:725][  0]LogRenderer: Reallocating scene render targets to support 1188x564 Format 10 NumSamples 1 (Frame:1).
[2019.12.13-20.28.16:758][  0]LogSlate: Took 0.000220 seconds to synchronously load lazily loaded font '../../../Engine/Content/Slate/Fonts/Roboto-Light.ttf' (167K)
[2019.12.13-20.28.16:831][  0]LogContentBrowser: Native class hierarchy updated for 'HierarchicalLODOutliner' in 0.0003 seconds. Added 0 classes and 0 folders.
[2019.12.13-20.28.16:831][  0]LogLoad: (Engine Initialization) Total time: 9.16 seconds
[2019.12.13-20.28.16:831][  0]LogLoad: (Engine Initialization) Total Blueprint compile time: 0.00 seconds
[2019.12.13-20.28.16:888][  0]LogAssetRegistry: Asset discovery search completed in 4.8259 seconds
[2019.12.13-20.28.16:889][  0]LogCollectionManager: Rebuilt the object cache for 0 collections in 0.000001 seconds (found 0 objects)
[2019.12.13-20.28.16:890][  0]LogCollectionManager: Fixed up redirectors for 0 collections in 0.000071 seconds (updated 0 objects)
[2019.12.13-20.28.16:970][  0]LogContentStreaming: Texture pool size now 1000 MB
[2019.12.13-20.28.17:025][  1]LogRenderer: Reallocating scene render targets to support 1188x580 Format 10 NumSamples 1 (Frame:3).
[2019.12.13-20.28.57:707][586]LogSlate: FSceneViewport::OnFocusLost() reason 0
[2019.12.13-20.29.00:443][876]LogEditorViewport: Clicking on Actor (LMB): BP_Sky_Sphere_C (SkySphereBlueprint)
[2019.12.13-20.29.02:252][ 85]LogSlate: FSceneViewport::OnFocusLost() reason 0
[2019.12.13-20.29.02:336][ 95]LogTemp: Repeating last play command: Selected Viewport
[2019.12.13-20.29.02:342][ 95]LogBlueprintUserMessages: Early PlayInEditor Detection: Level '/Game/FirstPersonBP/Maps/FirstPersonExampleMap.FirstPersonExampleMap:PersistentLevel' has LevelScriptBlueprint '/Game/FirstPersonBP/Maps/FirstPersonExampleMap.FirstPersonExampleMap:PersistentLevel.FirstPersonExampleMap' with GeneratedClass '/Game/FirstPersonBP/Maps/FirstPersonExampleMap.FirstPersonExampleMap_C' with ClassGeneratedBy '/Game/FirstPersonBP/Maps/FirstPersonExampleMap.FirstPersonExampleMap:PersistentLevel.FirstPersonExampleMap'
[2019.12.13-20.29.02:342][ 95]LogPlayLevel: PlayLevel: No blueprints needed recompiling
[2019.12.13-20.29.02:354][ 95]PIE: New page: PIE session: FirstPersonExampleMap (13 Dec 2019 20:29:02)
[2019.12.13-20.29.02:354][ 95]LogPlayLevel: Creating play world package: /Game/FirstPersonBP/Maps/UEDPIE_0_FirstPersonExampleMap
[2019.12.13-20.29.02:374][ 95]LogPlayLevel: PIE: StaticDuplicateObject took: (0.019711s)
[2019.12.13-20.29.02:374][ 95]LogAIModule: Creating AISystem for world FirstPersonExampleMap
[2019.12.13-20.29.02:374][ 95]LogPlayLevel: PIE: World Init took: (0.000984s)
[2019.12.13-20.29.02:374][ 95]LogPlayLevel: PIE: Created PIE world by copying editor world from /Game/FirstPersonBP/Maps/FirstPersonExampleMap.FirstPersonExampleMap to /Game/FirstPersonBP/Maps/UEDPIE_0_FirstPersonExampleMap.FirstPersonExampleMap (0.020857s)
[2019.12.13-20.29.02:471][ 95]LogInit: XAudio2 using 'Headset Earphone (3- Razer Kraken 7.1 Chroma)' : 2 channels at 48 kHz using 16 bits per sample (channel mask 0x3)
[2019.12.13-20.29.02:510][ 95]LogInit: FAudioDevice initialized.
[2019.12.13-20.29.02:551][ 95]LogLoad: Game class is 'FirstPersonGameMode_C'
[2019.12.13-20.29.02:553][ 95]LogWorld: Bringing World /Game/FirstPersonBP/Maps/UEDPIE_0_FirstPersonExampleMap.FirstPersonExampleMap up for play (max tick rate 0) at 2019.12.13-20.29.02
[2019.12.13-20.29.02:553][ 95]LogWorld: Bringing up level for play took: 0.001584
[2019.12.13-20.29.02:570][ 95]LogContentBrowser: Native class hierarchy updated for 'MovieSceneCapture' in 0.0003 seconds. Added 10 classes and 0 folders.
[2019.12.13-20.29.02:570][ 95]PIE: Play in editor start time for /Game/FirstPersonBP/Maps/UEDPIE_0_FirstPersonExampleMap 0.987
[2019.12.13-20.29.02:571][ 95]LogBlueprintUserMessages: Late PlayInEditor Detection: Level '/Game/FirstPersonBP/Maps/FirstPersonExampleMap.FirstPersonExampleMap:PersistentLevel' has LevelScriptBlueprint '/Game/FirstPersonBP/Maps/FirstPersonExampleMap.FirstPersonExampleMap:PersistentLevel.FirstPersonExampleMap' with GeneratedClass '/Game/FirstPersonBP/Maps/FirstPersonExampleMap.FirstPersonExampleMap_C' with ClassGeneratedBy '/Game/FirstPersonBP/Maps/FirstPersonExampleMap.FirstPersonExampleMap:PersistentLevel.FirstPersonExampleMap'
[2019.12.13-20.29.03:543][206]LogBlueprintUserMessages: Early EndPlayMap Detection: Level '/Game/FirstPersonBP/Maps/FirstPersonExampleMap.FirstPersonExampleMap:PersistentLevel' has LevelScriptBlueprint '/Game/FirstPersonBP/Maps/FirstPersonExampleMap.FirstPersonExampleMap:PersistentLevel.FirstPersonExampleMap' with GeneratedClass '/Game/FirstPersonBP/Maps/FirstPersonExampleMap.FirstPersonExampleMap_C' with ClassGeneratedBy '/Game/FirstPersonBP/Maps/FirstPersonExampleMap.FirstPersonExampleMap:PersistentLevel.FirstPersonExampleMap'
[2019.12.13-20.29.03:543][206]LogSlate: Updating window title bar state: overlay mode, drag disabled, window buttons hidden, title bar hidden
[2019.12.13-20.29.03:575][206]LogPlayLevel: Display: Shutting down PIE online subsystems
[2019.12.13-20.29.03:575][206]LogBlueprintUserMessages: Late EndPlayMap Detection: Level '/Game/FirstPersonBP/Maps/FirstPersonExampleMap.FirstPersonExampleMap:PersistentLevel' has LevelScriptBlueprint '/Game/FirstPersonBP/Maps/FirstPersonExampleMap.FirstPersonExampleMap:PersistentLevel.FirstPersonExampleMap' with GeneratedClass '/Game/FirstPersonBP/Maps/FirstPersonExampleMap.FirstPersonExampleMap_C' with ClassGeneratedBy '/Game/FirstPersonBP/Maps/FirstPersonExampleMap.FirstPersonExampleMap:PersistentLevel.FirstPersonExampleMap'
[2019.12.13-20.29.03:595][206]LogSlate: Updating window title bar state: overlay mode, drag disabled, window buttons hidden, title bar hidden
[2019.12.13-20.29.03:644][211]LogPlayLevel: Display: Destroying online subsystem :Context_2
